2022-07-23 13:10:52,884 - __main__ - INFO - Token value: Token not available!
2022-07-23 13:10:53,674 - __main__ - INFO - Weather in Poland: 31.93
2022-07-23 13:11:36,148 - __main__ - INFO - Token value: Token not available!
2022-07-23 13:11:37,165 - __main__ - INFO - Weather in Poland: 31.77
2022-07-24 00:47:13,898 - __main__ - INFO - Token value: secret!
2022-07-24 00:47:14,234 - __main__ - INFO - Weather in Poland: 16.58
2022-07-25 00:44:09,429 - __main__ - INFO - Token value: secret!
2022-07-25 00:44:10,247 - __main__ - INFO - Weather in Poland: 11.24
2022-07-26 00:46:26,789 - __main__ - INFO - Token value: secret!
2022-07-26 00:46:27,254 - __main__ - INFO - Weather in Poland: 13.33
2022-07-27 00:46:39,719 - __main__ - INFO - Token value: secret!
2022-07-27 00:46:40,087 - __main__ - INFO - Weather in Poland: 14.38
2022-07-28 00:45:15,947 - __main__ - INFO - Token value: secret!
2022-07-28 00:45:16,713 - __main__ - INFO - Weather in Poland: 13.93
2022-07-29 00:44:04,763 - __main__ - INFO - Token value: secret!
2022-07-29 00:44:05,466 - __main__ - INFO - Weather in Poland: 13.93
2022-07-30 00:39:19,005 - __main__ - INFO - Token value: secret!
2022-07-30 00:39:20,240 - __main__ - INFO - Weather in Poland: 18.82
2022-07-31 00:43:14,318 - __main__ - INFO - Token value: secret!
2022-07-31 00:43:15,208 - __main__ - INFO - Weather in Poland: 17.74
2022-08-01 00:53:35,876 - __main__ - INFO - Token value: secret!
2022-08-01 00:53:36,658 - __main__ - INFO - Weather in Poland: 14.9
2022-08-02 00:47:02,235 - __main__ - INFO - Token value: secret!
2022-08-02 00:47:03,055 - __main__ - INFO - Weather in Poland: 15.59
2022-08-03 00:49:07,474 - __main__ - INFO - Token value: secret!
2022-08-03 00:49:07,915 - __main__ - INFO - Weather in Poland: 15.55
2022-08-04 00:47:31,183 - __main__ - INFO - Token value: secret!
2022-08-04 00:47:31,615 - __main__ - INFO - Weather in Poland: 13.55
2022-08-05 00:52:50,450 - __main__ - INFO - Token value: secret!
2022-08-05 00:52:50,850 - __main__ - INFO - Weather in Poland: 13.55
2022-08-06 00:41:56,477 - __main__ - INFO - Token value: secret!
2022-08-06 00:41:57,225 - __main__ - INFO - Weather in Poland: 15.6
2022-08-07 00:47:30,099 - __main__ - INFO - Token value: secret!
2022-08-07 00:47:30,917 - __main__ - INFO - Weather in Poland: 15.59
2022-08-08 00:40:01,598 - __main__ - INFO - Token value: secret!
2022-08-08 00:40:02,492 - __main__ - INFO - Weather in Poland: 14.51
2022-08-09 00:49:46,011 - __main__ - INFO - Token value: secret!
2022-08-09 00:49:46,719 - __main__ - INFO - Weather in Poland: 15.98
2022-08-10 00:42:18,338 - __main__ - INFO - Token value: secret!
2022-08-10 00:42:19,077 - __main__ - INFO - Weather in Poland: 10.89
2022-08-11 00:43:27,639 - __main__ - INFO - Token value: secret!
2022-08-11 00:43:28,065 - __main__ - INFO - Weather in Poland: 10.55
2022-08-12 00:41:24,100 - __main__ - INFO - Token value: secret!
2022-08-12 00:41:25,234 - __main__ - INFO - Weather in Poland: 9.69
2022-08-13 00:39:01,272 - __main__ - INFO - Token value: secret!
2022-08-13 00:39:01,704 - __main__ - INFO - Weather in Poland: 17.11
2022-08-14 00:44:18,162 - __main__ - INFO - Token value: secret!
2022-08-14 00:44:18,887 - __main__ - INFO - Weather in Poland: 17.61
2022-08-15 00:44:08,869 - __main__ - INFO - Token value: secret!
2022-08-15 00:44:09,225 - __main__ - INFO - Weather in Poland: 16.13
2022-08-16 00:52:05,868 - __main__ - INFO - Token value: secret!
2022-08-16 00:52:06,703 - __main__ - INFO - Weather in Poland: 16.89
2022-08-17 00:47:32,546 - __main__ - INFO - Token value: secret!
2022-08-17 00:47:33,260 - __main__ - INFO - Weather in Poland: 17.74
2022-08-18 00:46:51,452 - __main__ - INFO - Token value: secret!
2022-08-18 00:46:52,145 - __main__ - INFO - Weather in Poland: 16.28
2022-08-19 00:46:47,275 - __main__ - INFO - Token value: secret!
2022-08-19 00:46:47,612 - __main__ - INFO - Weather in Poland: 16.89
2022-08-20 00:42:59,950 - __main__ - INFO - Token value: secret!
2022-08-20 00:43:00,441 - __main__ - INFO - Weather in Poland: 16.71
2022-08-21 00:41:41,914 - __main__ - INFO - Token value: secret!
2022-08-21 00:41:42,738 - __main__ - INFO - Weather in Poland: 17.27
2022-08-22 00:45:01,148 - __main__ - INFO - Token value: secret!
2022-08-22 00:45:02,006 - __main__ - INFO - Weather in Poland: 17.74
2022-08-23 00:54:04,811 - __main__ - INFO - Token value: secret!
2022-08-23 00:54:05,198 - __main__ - INFO - Weather in Poland: 18.04
2022-08-24 00:47:19,728 - __main__ - INFO - Token value: secret!
2022-08-24 00:47:20,473 - __main__ - INFO - Weather in Poland: 17.36
2022-08-25 00:53:07,847 - __main__ - INFO - Token value: secret!
2022-08-25 00:53:08,621 - __main__ - INFO - Weather in Poland: 17.05
2022-08-26 00:47:42,312 - __main__ - INFO - Token value: secret!
2022-08-26 00:47:43,095 - __main__ - INFO - Weather in Poland: 15.55
2022-08-27 00:41:44,523 - __main__ - INFO - Token value: secret!
2022-08-27 00:41:45,104 - __main__ - INFO - Weather in Poland: 14.55
2022-08-28 00:49:31,727 - __main__ - INFO - Token value: secret!
2022-08-28 00:49:32,500 - __main__ - INFO - Weather in Poland: 15.89
2022-08-29 00:49:33,486 - __main__ - INFO - Token value: secret!
2022-08-29 00:49:33,877 - __main__ - INFO - Weather in Poland: 18.13
2022-08-30 00:54:43,135 - __main__ - INFO - Token value: secret!
2022-08-30 00:54:43,474 - __main__ - INFO - Weather in Poland: 12.82
2022-08-31 00:56:17,649 - __main__ - INFO - Token value: secret!
2022-08-31 00:56:18,084 - __main__ - INFO - Weather in Poland: 12.11
2022-09-01 00:43:05,986 - __main__ - INFO - Token value: secret!
2022-09-01 00:43:06,647 - __main__ - INFO - Weather in Poland: 9.58
2022-09-02 00:45:11,686 - __main__ - INFO - Token value: secret!
2022-09-02 00:45:12,187 - __main__ - INFO - Weather in Poland: 5.41
2022-09-03 00:42:58,728 - __main__ - INFO - Token value: secret!
2022-09-03 00:42:59,509 - __main__ - INFO - Weather in Poland: 12.26
2022-09-04 00:46:54,540 - __main__ - INFO - Token value: secret!
2022-09-04 00:46:55,499 - __main__ - INFO - Weather in Poland: 7.35
2022-09-05 00:53:53,464 - __main__ - INFO - Token value: secret!
2022-09-05 00:53:54,220 - __main__ - INFO - Weather in Poland: 8.74
2022-09-06 00:50:33,799 - __main__ - INFO - Token value: secret!
2022-09-06 00:50:34,203 - __main__ - INFO - Weather in Poland: 6.38
2022-09-07 00:52:01,632 - __main__ - INFO - Token value: secret!
2022-09-07 00:52:02,459 - __main__ - INFO - Weather in Poland: 8.84
2022-09-08 00:47:46,526 - __main__ - INFO - Token value: secret!
2022-09-08 00:47:47,536 - __main__ - INFO - Weather in Poland: 8.11
2022-09-09 00:50:34,772 - __main__ - INFO - Token value: secret!
2022-09-09 00:50:35,331 - __main__ - INFO - Weather in Poland: 15.63
2022-09-10 00:51:20,780 - __main__ - INFO - Token value: secret!
2022-09-10 00:51:21,790 - __main__ - INFO - Weather in Poland: 13.7
2022-09-11 00:47:52,664 - __main__ - INFO - Token value: secret!
2022-09-11 00:47:53,051 - __main__ - INFO - Weather in Poland: 12.46
2022-09-12 00:47:56,429 - __main__ - INFO - Token value: secret!
2022-09-12 00:47:57,551 - __main__ - INFO - Weather in Poland: 11.51
2022-09-13 00:51:07,284 - __main__ - INFO - Token value: secret!
2022-09-13 00:51:08,143 - __main__ - INFO - Weather in Poland: 10.56
2022-09-14 00:47:21,099 - __main__ - INFO - Token value: secret!
2022-09-14 00:47:21,458 - __main__ - INFO - Weather in Poland: 14.46
2022-09-15 00:53:42,790 - __main__ - INFO - Token value: secret!
2022-09-15 00:53:43,682 - __main__ - INFO - Weather in Poland: 14.92
2022-09-16 00:53:16,337 - __main__ - INFO - Token value: secret!
2022-09-16 00:53:16,995 - __main__ - INFO - Weather in Poland: 13.21
2022-09-17 00:45:33,366 - __main__ - INFO - Token value: secret!
2022-09-17 00:45:33,709 - __main__ - INFO - Weather in Poland: 9.9
2022-09-18 00:52:38,758 - __main__ - INFO - Token value: secret!
2022-09-18 00:52:39,312 - __main__ - INFO - Weather in Poland: 9.46
2022-09-19 00:51:31,352 - __main__ - INFO - Token value: secret!
2022-09-19 00:51:32,031 - __main__ - INFO - Weather in Poland: 6.05
2022-09-20 00:51:35,170 - __main__ - INFO - Token value: secret!
2022-09-20 00:51:35,541 - __main__ - INFO - Weather in Poland: 6.97
2022-09-21 00:54:24,936 - __main__ - INFO - Token value: secret!
2022-09-21 00:54:25,488 - __main__ - INFO - Weather in Poland: 8.38
2022-09-22 00:50:58,433 - __main__ - INFO - Token value: secret!
2022-09-22 00:50:59,328 - __main__ - INFO - Weather in Poland: 8.22
2022-09-23 00:55:13,230 - __main__ - INFO - Token value: secret!
2022-09-23 00:55:14,238 - __main__ - INFO - Weather in Poland: 6.07
2022-09-24 00:53:42,819 - __main__ - INFO - Token value: secret!
2022-09-24 00:53:43,634 - __main__ - INFO - Weather in Poland: 4.34
2022-09-25 00:50:23,961 - __main__ - INFO - Token value: secret!
2022-09-25 00:50:24,396 - __main__ - INFO - Weather in Poland: 7.95
2022-09-26 00:53:44,667 - __main__ - INFO - Token value: secret!
2022-09-26 00:53:45,559 - __main__ - INFO - Weather in Poland: 11.18
2022-09-27 00:56:49,545 - __main__ - INFO - Token value: secret!
2022-09-27 00:56:50,380 - __main__ - INFO - Weather in Poland: 9.79
2022-09-28 00:57:39,701 - __main__ - INFO - Token value: secret!
2022-09-28 00:57:40,503 - __main__ - INFO - Weather in Poland: 9.94
2022-09-29 01:02:27,602 - __main__ - INFO - Token value: secret!
2022-09-29 01:02:28,012 - __main__ - INFO - Weather in Poland: 10.75
2022-09-30 01:13:04,220 - __main__ - INFO - Token value: secret!
2022-09-30 01:13:04,892 - __main__ - INFO - Weather in Poland: 9.49
2022-10-01 01:07:54,419 - __main__ - INFO - Token value: secret!
2022-10-01 01:07:55,349 - __main__ - INFO - Weather in Poland: 10.6
2022-10-02 01:00:10,467 - __main__ - INFO - Token value: secret!
2022-10-02 01:00:11,655 - __main__ - INFO - Weather in Poland: 9.31
2022-10-03 00:52:36,647 - __main__ - INFO - Token value: secret!
2022-10-03 00:52:37,535 - __main__ - INFO - Weather in Poland: 9.47
2022-10-04 01:01:09,857 - __main__ - INFO - Token value: secret!
2022-10-04 01:01:10,946 - __main__ - INFO - Weather in Poland: 9.3
2022-10-05 01:01:31,852 - __main__ - INFO - Token value: secret!
2022-10-05 01:01:32,492 - __main__ - INFO - Weather in Poland: 5.61
2022-10-06 00:55:23,890 - __main__ - INFO - Token value: secret!
2022-10-06 00:55:24,261 - __main__ - INFO - Weather in Poland: 11.16
2022-10-07 01:06:42,417 - __main__ - INFO - Token value: secret!
2022-10-07 01:06:42,773 - __main__ - INFO - Weather in Poland: 9.21
2022-10-08 00:50:40,987 - __main__ - INFO - Token value: secret!
2022-10-08 00:50:41,387 - __main__ - INFO - Weather in Poland: 8.96
2022-10-09 00:53:19,444 - __main__ - INFO - Token value: secret!
2022-10-09 00:53:19,836 - __main__ - INFO - Weather in Poland: 13.07
2022-10-10 00:58:40,338 - __main__ - INFO - Token value: secret!
2022-10-10 00:58:40,781 - __main__ - INFO - Weather in Poland: 1.14
2022-10-11 00:52:54,019 - __main__ - INFO - Token value: secret!
2022-10-11 00:52:54,484 - __main__ - INFO - Weather in Poland: 3.55
2022-10-12 01:05:58,979 - __main__ - INFO - Token value: secret!
2022-10-12 01:05:59,890 - __main__ - INFO - Weather in Poland: 3.91
2022-10-13 00:57:03,843 - __main__ - INFO - Token value: secret!
2022-10-13 00:57:04,685 - __main__ - INFO - Weather in Poland: 0.55
2022-10-14 01:04:13,425 - __main__ - INFO - Token value: secret!
2022-10-14 01:04:14,169 - __main__ - INFO - Weather in Poland: 2.25
2022-10-15 00:57:11,209 - __main__ - INFO - Token value: secret!
2022-10-15 00:57:12,067 - __main__ - INFO - Weather in Poland: 9.2
2022-10-16 00:59:55,436 - __main__ - INFO - Token value: secret!
2022-10-16 00:59:55,835 - __main__ - INFO - Weather in Poland: 10.58
2022-10-17 01:03:01,389 - __main__ - INFO - Token value: secret!
2022-10-17 01:03:01,821 - __main__ - INFO - Weather in Poland: 11.68
2022-10-18 00:59:05,791 - __main__ - INFO - Token value: secret!
2022-10-18 00:59:06,634 - __main__ - INFO - Weather in Poland: 12.44
2022-10-19 01:00:18,865 - __main__ - INFO - Token value: secret!
2022-10-19 01:00:19,856 - __main__ - INFO - Weather in Poland: 11.99
2022-10-20 00:54:39,925 - __main__ - INFO - Token value: secret!
2022-10-20 00:54:40,852 - __main__ - INFO - Weather in Poland: 3.45
2022-10-21 00:53:54,979 - __main__ - INFO - Token value: secret!
2022-10-21 00:53:55,711 - __main__ - INFO - Weather in Poland: -1.45
2022-10-22 01:01:23,631 - __main__ - INFO - Token value: secret!
2022-10-22 01:01:24,055 - __main__ - INFO - Weather in Poland: 10.98
2022-10-23 00:58:27,228 - __main__ - INFO - Token value: secret!
2022-10-23 00:58:27,803 - __main__ - INFO - Weather in Poland: 11.24
2022-10-24 01:04:31,405 - __main__ - INFO - Token value: secret!
2022-10-24 01:04:32,290 - __main__ - INFO - Weather in Poland: 10.94
2022-10-25 01:02:27,253 - __main__ - INFO - Token value: secret!
2022-10-25 01:02:28,159 - __main__ - INFO - Weather in Poland: 12.44
2022-10-26 00:49:24,864 - __main__ - INFO - Token value: secret!
2022-10-26 00:49:25,918 - __main__ - INFO - Weather in Poland: 9.2
2022-10-27 00:51:12,912 - __main__ - INFO - Token value: secret!
2022-10-27 00:51:13,918 - __main__ - INFO - Weather in Poland: 7.09
2022-10-28 00:53:33,823 - __main__ - INFO - Token value: secret!
2022-10-28 00:53:34,161 - __main__ - INFO - Weather in Poland: 7.77
2022-10-29 00:41:59,501 - __main__ - INFO - Token value: secret!
2022-10-29 00:42:00,925 - __main__ - INFO - Weather in Poland: 10.53
2022-10-30 00:56:13,691 - __main__ - INFO - Token value: secret!
2022-10-30 00:56:14,312 - __main__ - INFO - Weather in Poland: 10.98
2022-10-31 00:55:57,916 - __main__ - INFO - Token value: secret!
2022-10-31 00:55:58,313 - __main__ - INFO - Weather in Poland: 9.51
2022-11-01 00:59:28,408 - __main__ - INFO - Token value: secret!
2022-11-01 00:59:28,829 - __main__ - INFO - Weather in Poland: 7.03
2022-11-02 00:53:55,879 - __main__ - INFO - Token value: secret!
2022-11-02 00:53:56,434 - __main__ - INFO - Weather in Poland: 11.26
2022-11-03 00:48:53,060 - __main__ - INFO - Token value: secret!
2022-11-03 00:48:53,747 - __main__ - INFO - Weather in Poland: 9.49
2022-11-04 00:50:23,243 - __main__ - INFO - Token value: secret!
2022-11-04 00:50:23,810 - __main__ - INFO - Weather in Poland: 3.22
2022-11-05 00:49:06,367 - __main__ - INFO - Token value: secret!
2022-11-05 00:49:07,431 - __main__ - INFO - Weather in Poland: 8.22
2022-11-06 00:48:04,705 - __main__ - INFO - Token value: secret!
2022-11-06 00:48:05,244 - __main__ - INFO - Weather in Poland: 9.1
2022-11-07 00:43:51,774 - __main__ - INFO - Token value: secret!
2022-11-07 00:43:52,576 - __main__ - INFO - Weather in Poland: 8.39
2022-11-08 00:45:04,113 - __main__ - INFO - Token value: secret!
2022-11-08 00:45:04,583 - __main__ - INFO - Weather in Poland: 8.07
2022-11-09 00:44:48,417 - __main__ - INFO - Token value: secret!
2022-11-09 00:44:48,877 - __main__ - INFO - Weather in Poland: 7.37
2022-11-10 00:45:37,500 - __main__ - INFO - Token value: secret!
2022-11-10 00:45:38,133 - __main__ - INFO - Weather in Poland: 9.18
2022-11-11 00:50:00,118 - __main__ - INFO - Token value: secret!
2022-11-11 00:50:00,566 - __main__ - INFO - Weather in Poland: 3.91
2022-11-12 00:47:21,182 - __main__ - INFO - Token value: secret!
2022-11-12 00:47:21,972 - __main__ - INFO - Weather in Poland: 9.55
2022-11-13 00:43:21,326 - __main__ - INFO - Token value: secret!
2022-11-13 00:43:22,101 - __main__ - INFO - Weather in Poland: 5.57
2022-11-14 00:42:09,051 - __main__ - INFO - Token value: secret!
2022-11-14 00:42:09,872 - __main__ - INFO - Weather in Poland: 6.27
2022-11-15 00:43:30,902 - __main__ - INFO - Token value: secret!
2022-11-15 00:43:31,295 - __main__ - INFO - Weather in Poland: 4.91
2022-11-16 00:43:46,975 - __main__ - INFO - Token value: secret!
2022-11-16 00:43:47,793 - __main__ - INFO - Weather in Poland: 8.07
2022-11-17 00:42:41,994 - __main__ - INFO - Token value: secret!
2022-11-17 00:42:42,333 - __main__ - INFO - Weather in Poland: 2.32
2022-11-18 00:48:17,961 - __main__ - INFO - Token value: secret!
2022-11-18 00:48:18,745 - __main__ - INFO - Weather in Poland: -0.17
2022-11-19 00:44:50,202 - __main__ - INFO - Token value: secret!
2022-11-19 00:44:50,979 - __main__ - INFO - Weather in Poland: -3.72
2022-11-20 00:46:46,986 - __main__ - INFO - Token value: secret!
2022-11-20 00:46:47,344 - __main__ - INFO - Weather in Poland: -5.05
2022-11-21 00:44:25,293 - __main__ - INFO - Token value: secret!
2022-11-21 00:44:26,256 - __main__ - INFO - Weather in Poland: -4.02
2022-11-22 00:44:30,167 - __main__ - INFO - Token value: secret!
2022-11-22 00:44:30,623 - __main__ - INFO - Weather in Poland: 0.67
2022-11-23 00:38:30,952 - __main__ - INFO - Token value: secret!
2022-11-23 00:38:32,031 - __main__ - INFO - Weather in Poland: -0.48
2022-11-24 00:43:46,438 - __main__ - INFO - Token value: secret!
2022-11-24 00:43:47,281 - __main__ - INFO - Weather in Poland: 0.55
2022-11-25 00:40:45,114 - __main__ - INFO - Token value: secret!
2022-11-25 00:40:46,027 - __main__ - INFO - Weather in Poland: -0.55
2022-11-26 00:36:36,474 - __main__ - INFO - Token value: secret!
2022-11-26 00:36:36,818 - __main__ - INFO - Weather in Poland: 2.66
2022-11-27 00:42:46,927 - __main__ - INFO - Token value: secret!
2022-11-27 00:42:47,302 - __main__ - INFO - Weather in Poland: 0.98
2022-11-28 00:37:34,428 - __main__ - INFO - Token value: secret!
2022-11-28 00:37:34,860 - __main__ - INFO - Weather in Poland: 0.52
2022-11-29 00:40:45,185 - __main__ - INFO - Token value: secret!
2022-11-30 00:40:41,902 - __main__ - INFO - Token value: secret!
2022-11-30 00:40:42,705 - __main__ - INFO - Weather in Poland: 0.15
2022-12-01 00:44:40,973 - __main__ - INFO - Token value: secret!
2022-12-01 00:44:41,742 - __main__ - INFO - Weather in Poland: 0.52
2022-12-02 00:37:16,487 - __main__ - INFO - Token value: secret!
2022-12-02 00:37:17,222 - __main__ - INFO - Weather in Poland: -1.5
2022-12-03 00:35:19,634 - __main__ - INFO - Token value: secret!
2022-12-03 00:35:20,052 - __main__ - INFO - Weather in Poland: 0.6
2022-12-04 00:37:45,107 - __main__ - INFO - Token value: secret!
2022-12-04 00:37:45,917 - __main__ - INFO - Weather in Poland: 1.04
2022-12-05 00:37:00,226 - __main__ - INFO - Token value: secret!
2022-12-05 00:37:01,361 - __main__ - INFO - Weather in Poland: 0.67
2022-12-06 00:36:23,707 - __main__ - INFO - Token value: secret!
2022-12-06 00:36:24,360 - __main__ - INFO - Weather in Poland: 0.75
2022-12-07 00:38:21,752 - __main__ - INFO - Token value: secret!
2022-12-07 00:38:22,109 - __main__ - INFO - Weather in Poland: 1.97
2022-12-08 00:36:39,106 - __main__ - INFO - Token value: secret!
2022-12-08 00:36:40,007 - __main__ - INFO - Weather in Poland: 1.59
2022-12-09 00:38:24,270 - __main__ - INFO - Token value: secret!
2022-12-09 00:38:24,771 - __main__ - INFO - Weather in Poland: 2.35
2022-12-10 00:35:26,107 - __main__ - INFO - Token value: secret!
2022-12-10 00:35:27,480 - __main__ - INFO - Weather in Poland: 2.86
2022-12-11 00:41:50,961 - __main__ - INFO - Token value: secret!
2022-12-11 00:41:51,559 - __main__ - INFO - Weather in Poland: -0.51
2022-12-12 00:40:11,636 - __main__ - INFO - Token value: secret!
2022-12-12 00:40:12,791 - __main__ - INFO - Weather in Poland: -3.02
2022-12-13 00:41:15,611 - __main__ - INFO - Token value: secret!
2022-12-13 00:41:16,461 - __main__ - INFO - Weather in Poland: -2.28
2022-12-14 00:37:45,639 - __main__ - INFO - Token value: secret!
2022-12-14 00:37:46,864 - __main__ - INFO - Weather in Poland: -5.45
2022-12-15 00:40:13,152 - __main__ - INFO - Token value: secret!
2022-12-15 00:40:13,557 - __main__ - INFO - Weather in Poland: -2.97
2022-12-16 00:36:46,081 - __main__ - INFO - Token value: secret!
2022-12-16 00:36:46,788 - __main__ - INFO - Weather in Poland: -1.88
2022-12-17 00:35:17,014 - __main__ - INFO - Token value: secret!
2022-12-17 00:35:17,879 - __main__ - INFO - Weather in Poland: -1.93
2022-12-18 00:35:48,637 - __main__ - INFO - Token value: secret!
2022-12-18 00:35:49,106 - __main__ - INFO - Weather in Poland: -5.45
2022-12-19 00:33:48,990 - __main__ - INFO - Token value: secret!
2022-12-19 00:33:49,392 - __main__ - INFO - Weather in Poland: -8.45
2022-12-20 00:38:56,962 - __main__ - INFO - Token value: secret!
2022-12-20 00:38:57,651 - __main__ - INFO - Weather in Poland: -0.11
2022-12-21 00:34:44,232 - __main__ - INFO - Token value: secret!
2022-12-21 00:34:45,082 - __main__ - INFO - Weather in Poland: 1.12
2022-12-22 00:36:58,944 - __main__ - INFO - Token value: secret!
2022-12-22 00:37:00,028 - __main__ - INFO - Weather in Poland: 2.56
2022-12-23 00:35:48,438 - __main__ - INFO - Token value: secret!
2022-12-23 00:35:48,845 - __main__ - INFO - Weather in Poland: 2.62
2022-12-24 00:32:16,639 - __main__ - INFO - Token value: secret!
2022-12-24 00:32:17,944 - __main__ - INFO - Weather in Poland: 3.87
2022-12-25 00:38:53,149 - __main__ - INFO - Token value: secret!
2022-12-25 00:38:53,730 - __main__ - INFO - Weather in Poland: 5.57
2022-12-26 00:37:15,930 - __main__ - INFO - Token value: secret!
2022-12-26 00:37:16,470 - __main__ - INFO - Weather in Poland: 4.01
2022-12-27 00:37:11,750 - __main__ - INFO - Token value: secret!
2022-12-27 00:37:13,509 - __main__ - INFO - Weather in Poland: 6.36
2022-12-28 00:36:17,471 - __main__ - INFO - Token value: secret!
2022-12-28 00:36:18,346 - __main__ - INFO - Weather in Poland: 1.06
2022-12-29 00:37:41,053 - __main__ - INFO - Token value: secret!
2022-12-29 00:37:42,137 - __main__ - INFO - Weather in Poland: 2.61
2022-12-30 00:37:35,919 - __main__ - INFO - Token value: secret!
2022-12-30 00:37:37,506 - __main__ - INFO - Weather in Poland: 4.91
2022-12-31 00:35:55,868 - __main__ - INFO - Token value: secret!
2022-12-31 00:35:56,354 - __main__ - INFO - Weather in Poland: 6.2
2023-01-01 00:41:37,985 - __main__ - INFO - Token value: secret!
2023-01-01 00:41:38,963 - __main__ - INFO - Weather in Poland: 8.25
2023-01-02 00:37:31,487 - __main__ - INFO - Token value: secret!
2023-01-02 00:37:31,895 - __main__ - INFO - Weather in Poland: 9.81
2023-01-03 00:37:14,859 - __main__ - INFO - Token value: secret!
2023-01-03 00:37:16,085 - __main__ - INFO - Weather in Poland: 6.68
2023-01-04 00:37:02,287 - __main__ - INFO - Token value: secret!
2023-01-04 00:37:04,048 - __main__ - INFO - Weather in Poland: 1.86
2023-01-05 00:38:31,132 - __main__ - INFO - Token value: secret!
2023-01-05 00:38:31,808 - __main__ - INFO - Weather in Poland: 5.89
2023-01-06 00:38:40,003 - __main__ - INFO - Token value: secret!
2023-01-06 00:38:41,227 - __main__ - INFO - Weather in Poland: 3.69
2023-01-07 00:37:14,898 - __main__ - INFO - Token value: secret!
2023-01-07 00:37:16,393 - __main__ - INFO - Weather in Poland: 5.39
2023-01-08 00:39:40,323 - __main__ - INFO - Token value: secret!
2023-01-08 00:39:40,731 - __main__ - INFO - Weather in Poland: 0.98
2023-01-09 00:37:37,367 - __main__ - INFO - Token value: secret!
2023-01-09 00:37:38,127 - __main__ - INFO - Weather in Poland: 6.52
2023-01-10 00:40:13,343 - __main__ - INFO - Token value: secret!
2023-01-10 00:40:15,239 - __main__ - INFO - Weather in Poland: 4.97
2023-01-11 00:38:07,934 - __main__ - INFO - Token value: secret!
2023-01-11 00:38:08,495 - __main__ - INFO - Weather in Poland: 3.39
2023-01-12 00:38:40,780 - __main__ - INFO - Token value: secret!
2023-01-12 00:38:41,536 - __main__ - INFO - Weather in Poland: 0.88
2023-01-13 00:38:47,627 - __main__ - INFO - Token value: secret!
2023-01-13 00:38:48,399 - __main__ - INFO - Weather in Poland: 3.08
2023-01-14 00:36:43,537 - __main__ - INFO - Token value: secret!
2023-01-14 00:36:44,237 - __main__ - INFO - Weather in Poland: 4.48
2023-01-15 00:41:31,166 - __main__ - INFO - Token value: secret!
2023-01-15 00:41:31,838 - __main__ - INFO - Weather in Poland: 2.62
2023-01-16 00:37:51,267 - __main__ - INFO - Token value: secret!
2023-01-16 00:37:51,980 - __main__ - INFO - Weather in Poland: 2.46
2023-01-17 00:38:40,802 - __main__ - INFO - Token value: secret!
2023-01-17 00:38:41,765 - __main__ - INFO - Weather in Poland: 4.62
2023-01-18 00:39:28,692 - __main__ - INFO - Token value: secret!
2023-01-18 00:39:29,768 - __main__ - INFO - Weather in Poland: 3.55
2023-01-19 00:39:30,756 - __main__ - INFO - Token value: secret!
2023-01-19 00:39:31,616 - __main__ - INFO - Weather in Poland: 0.63
2023-01-20 00:39:06,836 - __main__ - INFO - Token value: secret!
2023-01-20 00:39:07,319 - __main__ - INFO - Weather in Poland: 0.55
2023-01-21 00:38:42,245 - __main__ - INFO - Token value: secret!
2023-01-21 00:38:43,024 - __main__ - INFO - Weather in Poland: -0.28
2023-01-22 00:40:57,026 - __main__ - INFO - Token value: secret!
2023-01-22 00:40:58,012 - __main__ - INFO - Weather in Poland: -0.45
2023-01-23 00:36:27,191 - __main__ - INFO - Token value: secret!
2023-01-23 00:36:28,146 - __main__ - INFO - Weather in Poland: 2.28
2023-01-24 00:40:20,188 - __main__ - INFO - Token value: secret!
2023-01-24 00:40:21,027 - __main__ - INFO - Weather in Poland: 1.48
2023-01-25 00:37:16,204 - __main__ - INFO - Token value: secret!
2023-01-25 00:37:17,024 - __main__ - INFO - Weather in Poland: 1.19
2023-01-26 00:37:43,644 - __main__ - INFO - Token value: secret!
2023-01-26 00:37:44,577 - __main__ - INFO - Weather in Poland: -1.61
2023-01-27 00:40:14,674 - __main__ - INFO - Token value: secret!
2023-01-27 00:40:15,273 - __main__ - INFO - Weather in Poland: -1.61
2023-01-28 00:38:55,727 - __main__ - INFO - Token value: secret!
2023-01-28 00:38:56,817 - __main__ - INFO - Weather in Poland: 0.14
2023-01-29 00:42:45,093 - __main__ - INFO - Token value: secret!
2023-01-29 00:42:45,713 - __main__ - INFO - Weather in Poland: -1.55
2023-01-30 00:34:56,971 - __main__ - INFO - Token value: secret!
2023-01-30 00:34:57,625 - __main__ - INFO - Weather in Poland: -2.51
2023-01-31 00:41:02,083 - __main__ - INFO - Token value: secret!
2023-01-31 00:41:02,521 - __main__ - INFO - Weather in Poland: 0.7
2023-02-01 00:44:05,434 - __main__ - INFO - Token value: secret!
2023-02-01 00:44:05,916 - __main__ - INFO - Weather in Poland: 0.56
2023-02-02 00:40:02,468 - __main__ - INFO - Token value: secret!
2023-02-02 00:40:03,545 - __main__ - INFO - Weather in Poland: 0.76
2023-02-03 00:41:00,696 - __main__ - INFO - Token value: secret!
2023-02-03 00:41:01,314 - __main__ - INFO - Weather in Poland: 0.33
2023-02-04 00:37:04,357 - __main__ - INFO - Token value: secret!
2023-02-04 00:37:06,231 - __main__ - INFO - Weather in Poland: 1.38
2023-02-05 00:42:38,642 - __main__ - INFO - Token value: secret!
2023-02-05 00:42:39,367 - __main__ - INFO - Weather in Poland: -3.68
2023-02-06 00:37:06,588 - __main__ - INFO - Token value: secret!
2023-02-06 00:37:07,609 - __main__ - INFO - Weather in Poland: -5.11
2023-02-07 00:40:30,784 - __main__ - INFO - Token value: secret!
2023-02-07 00:40:31,515 - __main__ - INFO - Weather in Poland: -10.07
2023-02-08 00:38:49,217 - __main__ - INFO - Token value: secret!
2023-02-08 00:38:50,087 - __main__ - INFO - Weather in Poland: -2.91
2023-02-09 00:38:19,119 - __main__ - INFO - Token value: secret!
2023-02-09 00:38:20,021 - __main__ - INFO - Weather in Poland: -11.81
2023-02-10 00:42:00,792 - __main__ - INFO - Token value: secret!
2023-02-10 00:42:02,377 - __main__ - INFO - Weather in Poland: -3.81
2023-02-11 00:34:36,291 - __main__ - INFO - Token value: secret!
2023-02-11 00:34:36,695 - __main__ - INFO - Weather in Poland: -1.07
2023-02-12 00:42:48,799 - __main__ - INFO - Token value: secret!
2023-02-12 00:42:49,937 - __main__ - INFO - Weather in Poland: 2.09
2023-02-13 00:41:18,012 - __main__ - INFO - Token value: secret!
2023-02-13 00:41:19,043 - __main__ - INFO - Weather in Poland: -2.23
2023-02-14 00:40:32,962 - __main__ - INFO - Token value: secret!
2023-02-14 00:40:33,645 - __main__ - INFO - Weather in Poland: 2.29
2023-02-15 00:39:56,271 - __main__ - INFO - Token value: secret!
2023-02-15 00:39:57,086 - __main__ - INFO - Weather in Poland: 2.12
2023-02-16 00:39:39,706 - __main__ - INFO - Token value: secret!
2023-02-16 00:39:40,448 - __main__ - INFO - Weather in Poland: 0.87
2023-02-17 00:42:46,927 - __main__ - INFO - Token value: secret!
2023-02-17 00:42:47,813 - __main__ - INFO - Weather in Poland: -0.47
2023-02-18 00:40:07,469 - __main__ - INFO - Token value: secret!
2023-02-18 00:40:08,971 - __main__ - INFO - Weather in Poland: 7.26
2023-02-19 00:40:42,616 - __main__ - INFO - Token value: secret!
2023-02-19 00:40:43,698 - __main__ - INFO - Weather in Poland: 5.1
2023-02-20 00:41:57,477 - __main__ - INFO - Token value: secret!
2023-02-20 00:41:58,360 - __main__ - INFO - Weather in Poland: -0.2
2023-02-21 00:42:09,823 - __main__ - INFO - Token value: secret!
2023-02-21 00:42:10,802 - __main__ - INFO - Weather in Poland: 8.08
2023-02-22 00:37:00,881 - __main__ - INFO - Token value: secret!
2023-02-22 00:37:01,328 - __main__ - INFO - Weather in Poland: 4.46
2023-02-23 00:38:51,329 - __main__ - INFO - Token value: secret!
2023-02-23 00:38:51,764 - __main__ - INFO - Weather in Poland: -2.81
2023-02-24 00:39:12,314 - __main__ - INFO - Token value: secret!
2023-02-24 00:39:13,349 - __main__ - INFO - Weather in Poland: 5.1
2023-02-25 00:40:14,849 - __main__ - INFO - Token value: secret!
2023-02-25 00:40:16,101 - __main__ - INFO - Weather in Poland: 6.52
2023-02-26 00:45:01,136 - __main__ - INFO - Token value: secret!
2023-02-26 00:45:02,029 - __main__ - INFO - Weather in Poland: 1.04
2023-02-27 00:40:42,630 - __main__ - INFO - Token value: secret!
2023-02-27 00:40:43,472 - __main__ - INFO - Weather in Poland: -1.63
2023-02-28 00:40:12,828 - __main__ - INFO - Token value: secret!
2023-02-28 00:40:14,153 - __main__ - INFO - Weather in Poland: -3.72
2023-03-01 00:44:54,865 - __main__ - INFO - Token value: secret!
2023-03-01 00:44:55,764 - __main__ - INFO - Weather in Poland: -6.45
2023-03-02 00:43:30,895 - __main__ - INFO - Token value: secret!
2023-03-02 00:43:31,370 - __main__ - INFO - Weather in Poland: -3.72
2023-03-03 02:33:24,849 - __main__ - INFO - Token value: secret!
2023-03-03 02:33:25,864 - __main__ - INFO - Weather in Poland: -3.9
2023-03-04 00:38:48,132 - __main__ - INFO - Token value: secret!
2023-03-04 00:38:48,926 - __main__ - INFO - Weather in Poland: -1.01
2023-03-05 00:44:40,104 - __main__ - INFO - Token value: secret!
2023-03-05 00:44:41,099 - __main__ - INFO - Weather in Poland: -1.15
2023-03-06 00:41:04,730 - __main__ - INFO - Token value: secret!
2023-03-06 00:41:05,504 - __main__ - INFO - Weather in Poland: -1.16
2023-03-07 00:43:29,042 - __main__ - INFO - Token value: secret!
2023-03-07 00:43:30,400 - __main__ - INFO - Weather in Poland: -0.36
2023-03-08 00:41:57,621 - __main__ - INFO - Token value: secret!
2023-03-08 00:41:58,040 - __main__ - INFO - Weather in Poland: 3.81
2023-03-09 00:41:46,291 - __main__ - INFO - Token value: secret!
2023-03-09 00:41:47,150 - __main__ - INFO - Weather in Poland: 7.44
2023-03-10 00:40:52,836 - __main__ - INFO - Token value: secret!
2023-03-10 00:40:53,448 - __main__ - INFO - Weather in Poland: 3.14
2023-03-11 00:35:34,636 - __main__ - INFO - Token value: secret!
2023-03-11 00:35:35,478 - __main__ - INFO - Weather in Poland: 7.31
2023-03-12 00:41:12,782 - __main__ - INFO - Token value: secret!
2023-03-12 00:41:13,396 - __main__ - INFO - Weather in Poland: -1.31
2023-03-13 00:40:08,802 - __main__ - INFO - Token value: secret!
2023-03-13 00:40:09,640 - __main__ - INFO - Weather in Poland: 1.83
2023-03-14 00:34:52,440 - __main__ - INFO - Token value: secret!
2023-03-14 00:34:53,324 - __main__ - INFO - Weather in Poland: 7.72
2023-03-15 00:39:14,853 - __main__ - INFO - Token value: secret!
2023-03-15 00:39:16,275 - __main__ - INFO - Weather in Poland: 8.87
2023-03-16 00:41:11,764 - __main__ - INFO - Token value: secret!
2023-03-16 00:41:12,461 - __main__ - INFO - Weather in Poland: -0.04
2023-03-17 00:38:56,888 - __main__ - INFO - Token value: secret!
2023-03-17 00:38:58,723 - __main__ - INFO - Weather in Poland: -0.71
2023-03-18 00:37:46,123 - __main__ - INFO - Token value: secret!
2023-03-18 00:37:46,918 - __main__ - INFO - Weather in Poland: 0.44
2023-03-19 00:42:05,187 - __main__ - INFO - Token value: secret!
2023-03-19 00:42:05,839 - __main__ - INFO - Weather in Poland: 4.81
2023-03-20 00:40:14,572 - __main__ - INFO - Token value: secret!
2023-03-20 00:40:15,338 - __main__ - INFO - Weather in Poland: 4.95
2023-03-21 00:36:35,340 - __main__ - INFO - Token value: secret!
2023-03-21 00:36:35,862 - __main__ - INFO - Weather in Poland: 7.79
2023-03-22 00:35:53,842 - __main__ - INFO - Token value: secret!
2023-03-22 00:35:54,575 - __main__ - INFO - Weather in Poland: 4.2
2023-03-23 00:37:20,358 - __main__ - INFO - Token value: secret!
2023-03-23 00:37:21,261 - __main__ - INFO - Weather in Poland: 7.5
2023-03-24 00:36:25,221 - __main__ - INFO - Token value: secret!
2023-03-24 00:36:25,752 - __main__ - INFO - Weather in Poland: 12.85
2023-03-25 00:36:18,821 - __main__ - INFO - Token value: secret!
2023-03-25 00:36:19,221 - __main__ - INFO - Weather in Poland: 12.58
2023-03-26 00:39:49,286 - __main__ - INFO - Token value: secret!
2023-03-26 00:39:50,271 - __main__ - INFO - Weather in Poland: 6.43
2023-03-27 00:36:35,010 - __main__ - INFO - Token value: secret!
2023-03-27 00:36:36,048 - __main__ - INFO - Weather in Poland: 5.6
2023-03-28 00:38:18,714 - __main__ - INFO - Token value: secret!
2023-03-28 00:38:19,575 - __main__ - INFO - Weather in Poland: -1.2
2023-03-29 00:42:01,940 - __main__ - INFO - Token value: secret!
2023-03-29 00:42:02,698 - __main__ - INFO - Weather in Poland: -1.8
2023-03-30 00:38:16,710 - __main__ - INFO - Token value: secret!
2023-03-30 00:38:17,266 - __main__ - INFO - Weather in Poland: 0.57
2023-03-31 00:38:21,340 - __main__ - INFO - Token value: secret!
2023-03-31 00:38:21,896 - __main__ - INFO - Weather in Poland: 5.96
2023-04-01 00:38:17,384 - __main__ - INFO - Token value: secret!
2023-04-01 00:38:17,765 - __main__ - INFO - Weather in Poland: 8.45
2023-04-02 00:38:56,018 - __main__ - INFO - Token value: secret!
2023-04-02 00:38:56,342 - __main__ - INFO - Weather in Poland: 9.43
2023-04-03 00:36:27,129 - __main__ - INFO - Token value: secret!
2023-04-03 00:36:27,368 - __main__ - INFO - Weather in Poland: 3.03
2023-04-04 00:36:21,058 - __main__ - INFO - Token value: secret!
2023-04-04 00:36:23,759 - __main__ - INFO - Weather in Poland: -1.55
2023-04-05 00:30:58,288 - __main__ - INFO - Token value: secret!
2023-04-05 00:30:58,993 - __main__ - INFO - Weather in Poland: -2.45
2023-04-06 00:34:29,120 - __main__ - INFO - Token value: secret!
2023-04-06 00:34:29,440 - __main__ - INFO - Weather in Poland: 0.14
2023-04-07 00:32:04,386 - __main__ - INFO - Token value: secret!
2023-04-07 00:32:05,089 - __main__ - INFO - Weather in Poland: 1.93
2023-04-08 00:35:04,375 - __main__ - INFO - Token value: secret!
2023-04-08 00:35:04,634 - __main__ - INFO - Weather in Poland: 1.48
2023-04-09 00:37:11,518 - __main__ - INFO - Token value: secret!
2023-04-09 00:37:11,719 - __main__ - INFO - Weather in Poland: 1.66
2023-04-10 00:34:55,717 - __main__ - INFO - Token value: secret!
2023-04-10 00:34:56,382 - __main__ - INFO - Weather in Poland: 6.3
2023-04-11 00:36:42,278 - __main__ - INFO - Token value: secret!
2023-04-11 00:36:42,920 - __main__ - INFO - Weather in Poland: 4.2
2023-04-12 00:35:22,312 - __main__ - INFO - Token value: secret!
2023-04-12 00:35:23,279 - __main__ - INFO - Weather in Poland: 6.23
2023-04-13 00:34:15,555 - __main__ - INFO - Token value: secret!
2023-04-13 00:34:15,983 - __main__ - INFO - Weather in Poland: 3.09
2023-04-14 00:34:33,391 - __main__ - INFO - Token value: secret!
2023-04-14 00:34:33,628 - __main__ - INFO - Weather in Poland: 5.7
2023-04-15 00:37:44,524 - __main__ - INFO - Token value: secret!
2023-04-15 00:37:44,736 - __main__ - INFO - Weather in Poland: 8.7
2023-04-16 00:37:38,404 - __main__ - INFO - Token value: secret!
2023-04-16 00:37:39,290 - __main__ - INFO - Weather in Poland: 4.2
2023-04-17 00:36:27,458 - __main__ - INFO - Token value: secret!
2023-04-17 00:36:28,127 - __main__ - INFO - Weather in Poland: 9.02
2023-04-18 00:34:51,705 - __main__ - INFO - Token value: secret!
2023-04-18 00:34:52,281 - __main__ - INFO - Weather in Poland: 7.93
2023-04-19 00:36:55,373 - __main__ - INFO - Token value: secret!
2023-04-19 00:36:55,611 - __main__ - INFO - Weather in Poland: 7.96
2023-04-20 00:34:58,264 - __main__ - INFO - Token value: secret!
2023-04-20 00:34:58,849 - __main__ - INFO - Weather in Poland: 7.01
2023-04-21 00:35:21,279 - __main__ - INFO - Token value: secret!
2023-04-21 00:35:21,941 - __main__ - INFO - Weather in Poland: 7.48
2023-04-22 00:35:19,370 - __main__ - INFO - Token value: secret!
2023-04-22 00:35:20,084 - __main__ - INFO - Weather in Poland: 7.82
2023-04-23 00:39:23,224 - __main__ - INFO - Token value: secret!
2023-04-23 00:39:23,905 - __main__ - INFO - Weather in Poland: 5.59
2023-04-24 00:36:32,555 - __main__ - INFO - Token value: secret!
2023-04-24 00:36:33,103 - __main__ - INFO - Weather in Poland: 10.03
2023-04-25 00:36:35,778 - __main__ - INFO - Token value: secret!
2023-04-25 00:36:36,417 - __main__ - INFO - Weather in Poland: 10.58
2023-04-26 00:36:02,401 - __main__ - INFO - Token value: secret!
2023-04-26 00:36:02,638 - __main__ - INFO - Weather in Poland: 6.03
2023-04-27 00:38:33,248 - __main__ - INFO - Token value: secret!
2023-04-27 00:38:33,901 - __main__ - INFO - Weather in Poland: 2.54
2023-04-28 00:36:59,103 - __main__ - INFO - Token value: secret!
2023-04-28 00:36:59,571 - __main__ - INFO - Weather in Poland: -0.64
2023-04-29 00:34:56,430 - __main__ - INFO - Token value: secret!
2023-04-29 00:34:56,658 - __main__ - INFO - Weather in Poland: 3.85
2023-04-30 00:39:05,212 - __main__ - INFO - Token value: secret!
2023-04-30 00:39:06,022 - __main__ - INFO - Weather in Poland: 9.19
2023-05-01 00:37:50,318 - __main__ - INFO - Token value: secret!
2023-05-01 00:37:50,555 - __main__ - INFO - Weather in Poland: 3.16
2023-05-02 00:36:22,017 - __main__ - INFO - Token value: secret!
2023-05-02 00:36:22,657 - __main__ - INFO - Weather in Poland: 6.3
2023-05-03 00:35:55,725 - __main__ - INFO - Token value: secret!
2023-05-03 00:35:56,256 - __main__ - INFO - Weather in Poland: 11.51
2023-05-04 00:35:48,645 - __main__ - INFO - Token value: secret!
2023-05-04 00:35:49,191 - __main__ - INFO - Weather in Poland: 7.52
2023-05-05 00:33:20,742 - __main__ - INFO - Token value: secret!
2023-05-05 00:33:21,325 - __main__ - INFO - Weather in Poland: 5.18
2023-05-06 00:34:19,141 - __main__ - INFO - Token value: secret!
2023-05-06 00:34:19,852 - __main__ - INFO - Weather in Poland: 6.68
2023-05-07 00:37:49,611 - __main__ - INFO - Token value: secret!
2023-05-07 00:37:50,354 - __main__ - INFO - Weather in Poland: 9.93
2023-05-08 00:35:26,567 - __main__ - INFO - Token value: secret!
2023-05-08 00:35:27,082 - __main__ - INFO - Weather in Poland: 3.59
2023-05-09 00:36:46,085 - __main__ - INFO - Token value: secret!
2023-05-09 00:36:46,730 - __main__ - INFO - Weather in Poland: 0.35
2023-05-10 00:35:28,307 - __main__ - INFO - Token value: secret!
2023-05-10 00:35:29,324 - __main__ - INFO - Weather in Poland: 2.32
2023-05-11 00:35:38,884 - __main__ - INFO - Token value: secret!
2023-05-11 00:35:39,206 - __main__ - INFO - Weather in Poland: 2.75
2023-05-12 00:35:59,072 - __main__ - INFO - Token value: secret!
2023-05-13 00:34:19,316 - __main__ - INFO - Token value: secret!
2023-05-13 00:34:20,186 - __main__ - INFO - Weather in Poland: 5.05
2023-05-14 00:38:18,431 - __main__ - INFO - Token value: secret!
2023-05-14 00:38:19,172 - __main__ - INFO - Weather in Poland: 6.71
2023-05-15 00:37:02,548 - __main__ - INFO - Token value: secret!
2023-05-15 00:37:03,141 - __main__ - INFO - Weather in Poland: 12.04
2023-05-16 00:36:04,139 - __main__ - INFO - Token value: secret!
2023-05-16 00:36:04,522 - __main__ - INFO - Weather in Poland: 11.02
2023-05-17 00:39:18,290 - __main__ - INFO - Token value: secret!
2023-05-17 00:39:19,028 - __main__ - INFO - Weather in Poland: 13.66
2023-05-18 00:36:12,994 - __main__ - INFO - Token value: secret!
2023-05-18 00:36:13,604 - __main__ - INFO - Weather in Poland: 9.9
2023-05-19 00:36:50,662 - __main__ - INFO - Token value: secret!
2023-05-19 00:36:51,193 - __main__ - INFO - Weather in Poland: 8.15
2023-05-20 00:34:51,708 - __main__ - INFO - Token value: secret!
2023-05-20 00:34:52,114 - __main__ - INFO - Weather in Poland: 11.01
2023-05-21 00:39:31,718 - __main__ - INFO - Token value: secret!
2023-05-21 00:39:32,374 - __main__ - INFO - Weather in Poland: 10.66
2023-05-22 00:38:23,864 - __main__ - INFO - Token value: secret!
2023-05-22 00:38:24,445 - __main__ - INFO - Weather in Poland: 8.44
2023-05-23 00:37:11,053 - __main__ - INFO - Token value: secret!
2023-05-23 00:37:11,411 - __main__ - INFO - Weather in Poland: 8.09
2023-05-24 00:36:59,405 - __main__ - INFO - Token value: secret!
2023-05-24 00:37:00,140 - __main__ - INFO - Weather in Poland: 12.58
2023-05-25 00:35:41,030 - __main__ - INFO - Token value: secret!
2023-05-25 00:35:41,377 - __main__ - INFO - Weather in Poland: 11.87
2023-05-26 00:36:40,867 - __main__ - INFO - Token value: secret!
2023-05-26 00:36:41,313 - __main__ - INFO - Weather in Poland: 12.32
2023-05-27 00:37:53,124 - __main__ - INFO - Token value: secret!
2023-05-27 00:37:53,319 - __main__ - INFO - Weather in Poland: 13.07
2023-05-28 00:39:35,445 - __main__ - INFO - Token value: secret!
2023-05-28 00:39:36,204 - __main__ - INFO - Weather in Poland: 6.66
2023-05-29 00:37:36,711 - __main__ - INFO - Token value: secret!
2023-05-29 00:37:37,589 - __main__ - INFO - Weather in Poland: 8.44
2023-05-30 00:38:59,004 - __main__ - INFO - Token value: secret!
2023-05-30 00:38:59,815 - __main__ - INFO - Weather in Poland: 8.55
2023-05-31 00:41:19,086 - __main__ - INFO - Token value: secret!
2023-05-31 00:41:19,751 - __main__ - INFO - Weather in Poland: 7.32
2023-06-01 00:51:49,337 - __main__ - INFO - Token value: secret!
2023-06-01 00:51:49,794 - __main__ - INFO - Weather in Poland: 10.95
2023-06-02 00:41:18,400 - __main__ - INFO - Token value: secret!
2023-06-02 00:41:19,051 - __main__ - INFO - Weather in Poland: 11.55
2023-06-03 00:40:21,282 - __main__ - INFO - Token value: secret!
2023-06-03 00:40:21,571 - __main__ - INFO - Weather in Poland: 4.18
2023-06-04 00:49:35,194 - __main__ - INFO - Token value: secret!
2023-06-04 00:49:35,590 - __main__ - INFO - Weather in Poland: 5.59
2023-06-05 00:41:40,071 - __main__ - INFO - Token value: secret!
2023-06-05 00:41:40,824 - __main__ - INFO - Weather in Poland: 8.09
2023-06-06 00:42:36,908 - __main__ - INFO - Token value: secret!
2023-06-06 00:42:37,429 - __main__ - INFO - Weather in Poland: 10.23
2023-06-07 00:43:30,562 - __main__ - INFO - Token value: secret!
2023-06-07 00:43:30,800 - __main__ - INFO - Weather in Poland: 14.65
2023-06-08 00:41:49,631 - __main__ - INFO - Token value: secret!
2023-06-08 00:41:50,181 - __main__ - INFO - Weather in Poland: 14.55
2023-06-09 00:44:21,694 - __main__ - INFO - Token value: secret!
2023-06-09 00:44:22,101 - __main__ - INFO - Weather in Poland: 14.06
2023-06-10 00:39:12,940 - __main__ - INFO - Token value: secret!
2023-06-10 00:39:13,714 - __main__ - INFO - Weather in Poland: 14.51
2023-06-11 00:45:29,211 - __main__ - INFO - Token value: secret!
2023-06-11 00:45:29,944 - __main__ - INFO - Weather in Poland: 14.81
2023-06-12 00:44:00,681 - __main__ - INFO - Token value: secret!
2023-06-12 00:44:00,878 - __main__ - INFO - Weather in Poland: 8.56
2023-06-13 00:41:42,530 - __main__ - INFO - Token value: secret!
2023-06-13 00:41:42,802 - __main__ - INFO - Weather in Poland: 7.94
2023-06-14 00:39:16,728 - __main__ - INFO - Token value: secret!
2023-06-14 00:39:17,476 - __main__ - INFO - Weather in Poland: 12.0
2023-06-15 00:40:58,935 - __main__ - INFO - Token value: secret!
2023-06-15 00:40:59,199 - __main__ - INFO - Weather in Poland: 9.67
2023-06-16 00:45:18,241 - __main__ - INFO - Token value: secret!
2023-06-16 00:45:18,924 - __main__ - INFO - Weather in Poland: 12.02
2023-06-17 00:38:50,042 - __main__ - INFO - Token value: secret!
2023-06-17 00:38:50,294 - __main__ - INFO - Weather in Poland: 13.55
2023-06-18 00:45:45,472 - __main__ - INFO - Token value: secret!
2023-06-18 00:45:46,365 - __main__ - INFO - Weather in Poland: 13.83
2023-06-19 00:40:56,057 - __main__ - INFO - Token value: secret!
2023-06-19 00:40:56,628 - __main__ - INFO - Weather in Poland: 11.07
2023-06-20 00:39:21,327 - __main__ - INFO - Token value: secret!
2023-06-20 00:39:22,082 - __main__ - INFO - Weather in Poland: 12.95
2023-06-21 00:41:13,143 - __main__ - INFO - Token value: secret!
2023-06-21 00:41:13,712 - __main__ - INFO - Weather in Poland: 15.23
2023-06-22 00:41:28,726 - __main__ - INFO - Token value: secret!
2023-06-22 00:41:29,351 - __main__ - INFO - Weather in Poland: 17.79
2023-06-23 00:46:08,228 - __main__ - INFO - Token value: secret!
2023-06-23 00:46:08,474 - __main__ - INFO - Weather in Poland: 16.68
2023-06-24 00:45:39,200 - __main__ - INFO - Token value: secret!
2023-06-24 00:45:39,913 - __main__ - INFO - Weather in Poland: 18.25
2023-06-25 00:51:13,566 - __main__ - INFO - Token value: secret!
2023-06-25 00:51:14,319 - __main__ - INFO - Weather in Poland: 14.97
2023-06-26 00:47:36,502 - __main__ - INFO - Token value: secret!
2023-06-26 00:47:37,351 - __main__ - INFO - Weather in Poland: 16.22
2023-06-27 00:45:36,694 - __main__ - INFO - Token value: secret!
2023-06-27 00:45:37,268 - __main__ - INFO - Weather in Poland: 15.95
2023-06-28 00:46:52,096 - __main__ - INFO - Token value: secret!
2023-06-28 00:46:52,940 - __main__ - INFO - Weather in Poland: 10.14
2023-06-29 00:45:01,540 - __main__ - INFO - Token value: secret!
2023-06-29 00:45:02,786 - __main__ - INFO - Weather in Poland: 13.09
2023-06-30 00:44:43,335 - __main__ - INFO - Token value: secret!
2023-06-30 00:44:44,004 - __main__ - INFO - Weather in Poland: 12.75
2023-07-01 00:51:29,384 - __main__ - INFO - Token value: secret!
2023-07-01 00:51:30,180 - __main__ - INFO - Weather in Poland: 16.83
2023-07-02 00:49:02,040 - __main__ - INFO - Token value: secret!
2023-07-02 00:49:02,793 - __main__ - INFO - Weather in Poland: 17.0
2023-07-03 00:46:39,048 - __main__ - INFO - Token value: secret!
2023-07-03 00:46:39,678 - __main__ - INFO - Weather in Poland: 13.09
2023-07-04 00:50:39,121 - __main__ - INFO - Token value: secret!
2023-07-04 00:50:40,075 - __main__ - INFO - Weather in Poland: 15.59
2023-07-05 00:46:42,507 - __main__ - INFO - Token value: secret!
2023-07-05 00:46:43,021 - __main__ - INFO - Weather in Poland: 13.89
2023-07-06 00:48:08,467 - __main__ - INFO - Token value: secret!
2023-07-06 00:48:08,874 - __main__ - INFO - Weather in Poland: 15.12
2023-07-07 00:47:13,489 - __main__ - INFO - Token value: secret!
2023-07-07 00:47:14,577 - __main__ - INFO - Weather in Poland: 16.06
2023-07-08 00:48:22,914 - __main__ - INFO - Token value: secret!
2023-07-08 00:48:23,689 - __main__ - INFO - Weather in Poland: 11.22
2023-07-09 00:50:47,290 - __main__ - INFO - Token value: secret!
2023-07-09 00:50:47,569 - __main__ - INFO - Weather in Poland: 14.16
2023-07-10 00:46:43,729 - __main__ - INFO - Token value: secret!
2023-07-10 00:46:44,372 - __main__ - INFO - Weather in Poland: 12.73
2023-07-11 00:41:05,011 - __main__ - INFO - Token value: secret!
2023-07-11 00:41:05,662 - __main__ - INFO - Weather in Poland: 15.76
2023-07-12 00:47:13,163 - __main__ - INFO - Token value: secret!
2023-07-12 00:47:13,433 - __main__ - INFO - Weather in Poland: 12.0
2023-07-13 00:51:22,366 - __main__ - INFO - Token value: secret!
2023-07-13 00:51:23,553 - __main__ - INFO - Weather in Poland: 16.7
2023-07-14 00:46:48,495 - __main__ - INFO - Token value: secret!
2023-07-14 00:46:48,728 - __main__ - INFO - Weather in Poland: 13.87
2023-07-15 00:44:49,310 - __main__ - INFO - Token value: secret!
2023-07-15 00:44:49,581 - __main__ - INFO - Weather in Poland: 13.39
2023-07-16 00:52:44,702 - __main__ - INFO - Token value: secret!
2023-07-16 00:52:45,593 - __main__ - INFO - Weather in Poland: 18.42
2023-07-17 00:50:12,776 - __main__ - INFO - Token value: secret!
2023-07-17 00:50:13,592 - __main__ - INFO - Weather in Poland: 19.45
2023-07-18 01:04:46,626 - __main__ - INFO - Token value: secret!
2023-07-18 01:04:46,876 - __main__ - INFO - Weather in Poland: 16.41
2023-07-19 01:11:11,065 - __main__ - INFO - Token value: secret!
2023-07-19 01:11:11,256 - __main__ - INFO - Weather in Poland: 13.55
2023-07-20 00:40:44,491 - __main__ - INFO - Token value: secret!
2023-07-20 00:40:45,148 - __main__ - INFO - Weather in Poland: 13.63
2023-07-21 00:40:21,176 - __main__ - INFO - Token value: secret!
2023-07-21 00:40:21,410 - __main__ - INFO - Weather in Poland: 9.18
2023-07-22 00:40:54,204 - __main__ - INFO - Token value: secret!
2023-07-22 00:40:54,756 - __main__ - INFO - Weather in Poland: 13.87
2023-07-23 00:43:00,594 - __main__ - INFO - Token value: secret!
2023-07-23 00:43:01,159 - __main__ - INFO - Weather in Poland: 13.93
2023-07-24 00:40:50,493 - __main__ - INFO - Token value: secret!
2023-07-24 00:40:50,701 - __main__ - INFO - Weather in Poland: 18.83
2023-07-25 00:42:56,823 - __main__ - INFO - Token value: secret!
2023-07-25 00:42:57,394 - __main__ - INFO - Weather in Poland: 16.6
2023-07-26 00:39:26,335 - __main__ - INFO - Token value: secret!
2023-07-26 00:39:26,613 - __main__ - INFO - Weather in Poland: 14.86
2023-07-27 00:37:25,626 - __main__ - INFO - Token value: secret!
2023-07-27 00:37:25,841 - __main__ - INFO - Weather in Poland: 10.97
2023-07-28 00:37:41,879 - __main__ - INFO - Token value: secret!
2023-07-28 00:37:42,384 - __main__ - INFO - Weather in Poland: 11.71
2023-07-29 00:37:26,529 - __main__ - INFO - Token value: secret!
2023-07-29 00:37:27,237 - __main__ - INFO - Weather in Poland: 13.49
2023-07-30 00:41:12,788 - __main__ - INFO - Token value: secret!
2023-07-30 00:41:13,390 - __main__ - INFO - Weather in Poland: 17.64
2023-07-31 00:41:20,977 - __main__ - INFO - Token value: secret!
2023-07-31 00:41:21,864 - __main__ - INFO - Weather in Poland: 15.01
2023-08-01 00:44:38,093 - __main__ - INFO - Token value: secret!
2023-08-01 00:44:38,805 - __main__ - INFO - Weather in Poland: 14.49
2023-08-02 00:38:14,985 - __main__ - INFO - Token value: secret!
2023-08-02 00:38:15,651 - __main__ - INFO - Weather in Poland: 15.34
2023-08-03 00:38:57,528 - __main__ - INFO - Token value: secret!
2023-08-03 00:38:57,798 - __main__ - INFO - Weather in Poland: 17.55
2023-08-04 00:39:24,866 - __main__ - INFO - Token value: secret!
2023-08-04 00:39:25,439 - __main__ - INFO - Weather in Poland: 13.38
2023-08-05 00:37:48,263 - __main__ - INFO - Token value: secret!
2023-08-05 00:37:48,523 - __main__ - INFO - Weather in Poland: 16.05
2023-08-06 00:35:17,905 - __main__ - INFO - Token value: secret!
2023-08-06 00:35:18,127 - __main__ - INFO - Weather in Poland: 19.49
2023-08-07 00:39:33,796 - __main__ - INFO - Token value: secret!
2023-08-07 00:39:34,188 - __main__ - INFO - Weather in Poland: 14.49
2023-08-08 00:37:41,435 - __main__ - INFO - Token value: secret!
2023-08-08 00:37:41,679 - __main__ - INFO - Weather in Poland: 13.38
2023-08-09 00:39:29,197 - __main__ - INFO - Token value: secret!
2023-08-09 00:39:29,834 - __main__ - INFO - Weather in Poland: 11.16
2023-08-10 00:40:08,977 - __main__ - INFO - Token value: secret!
2023-08-10 00:40:09,556 - __main__ - INFO - Weather in Poland: 14.49
2023-08-11 00:30:17,386 - __main__ - INFO - Token value: secret!
2023-08-11 00:30:17,712 - __main__ - INFO - Weather in Poland: 11.16
2023-08-12 00:29:36,799 - __main__ - INFO - Token value: secret!
2023-08-12 00:29:38,474 - __main__ - INFO - Weather in Poland: 12.02
2023-08-13 00:32:42,445 - __main__ - INFO - Token value: secret!
2023-08-13 00:32:42,724 - __main__ - INFO - Weather in Poland: 13.44
2023-08-14 00:31:47,142 - __main__ - INFO - Token value: secret!
2023-08-14 00:31:47,990 - __main__ - INFO - Weather in Poland: 17.82
2023-08-15 00:30:53,860 - __main__ - INFO - Token value: secret!
2023-08-15 00:30:54,564 - __main__ - INFO - Weather in Poland: 15.94
2023-08-16 00:30:36,681 - __main__ - INFO - Token value: secret!
2023-08-16 00:30:37,407 - __main__ - INFO - Weather in Poland: 18.55
2023-08-17 00:30:18,326 - __main__ - INFO - Token value: secret!
2023-08-17 00:30:20,185 - __main__ - INFO - Weather in Poland: 19.49
2023-08-18 00:30:34,095 - __main__ - INFO - Token value: secret!
2023-08-18 00:30:35,037 - __main__ - INFO - Weather in Poland: 19.15
2023-08-19 00:29:30,193 - __main__ - INFO - Token value: secret!
2023-08-19 00:29:30,916 - __main__ - INFO - Weather in Poland: 17.37
2023-08-20 00:32:40,667 - __main__ - INFO - Token value: secret!
2023-08-20 00:32:41,202 - __main__ - INFO - Weather in Poland: 18.8
2023-08-21 00:31:08,731 - __main__ - INFO - Token value: secret!
2023-08-21 00:31:09,191 - __main__ - INFO - Weather in Poland: 19.88
2023-08-22 00:31:09,793 - __main__ - INFO - Token value: secret!
2023-08-22 00:31:10,700 - __main__ - INFO - Weather in Poland: 19.51
2023-08-23 00:30:53,745 - __main__ - INFO - Token value: secret!
2023-08-23 00:30:54,306 - __main__ - INFO - Weather in Poland: 18.38
2023-08-24 00:30:45,319 - __main__ - INFO - Token value: secret!
2023-08-24 00:30:45,907 - __main__ - INFO - Weather in Poland: 15.59
2023-08-25 00:31:13,779 - __main__ - INFO - Token value: secret!
2023-08-25 00:31:14,047 - __main__ - INFO - Weather in Poland: 14.16
2023-08-26 00:29:59,434 - __main__ - INFO - Token value: secret!
2023-08-26 00:30:00,124 - __main__ - INFO - Weather in Poland: 21.16
2023-08-27 00:33:39,570 - __main__ - INFO - Token value: secret!
2023-08-27 00:33:39,969 - __main__ - INFO - Weather in Poland: 17.27
2023-08-28 00:32:15,615 - __main__ - INFO - Token value: secret!
2023-08-28 00:32:16,023 - __main__ - INFO - Weather in Poland: 18.93
2023-08-29 00:31:45,026 - __main__ - INFO - Token value: secret!
2023-08-29 00:31:45,291 - __main__ - INFO - Weather in Poland: 19.87
2023-08-30 00:31:41,709 - __main__ - INFO - Token value: secret!
2023-08-30 00:31:42,392 - __main__ - INFO - Weather in Poland: 17.73
2023-08-31 00:32:00,015 - __main__ - INFO - Token value: secret!
2023-08-31 00:32:00,559 - __main__ - INFO - Weather in Poland: 16.16
2023-09-01 00:34:24,510 - __main__ - INFO - Token value: secret!
2023-09-01 00:34:24,735 - __main__ - INFO - Weather in Poland: 13.93
2023-09-02 00:30:17,126 - __main__ - INFO - Token value: secret!
2023-09-02 00:30:17,450 - __main__ - INFO - Weather in Poland: 16.16
2023-09-03 00:33:53,316 - __main__ - INFO - Token value: secret!
2023-09-03 00:33:54,112 - __main__ - INFO - Weather in Poland: 14.51
2023-09-04 00:32:29,630 - __main__ - INFO - Token value: secret!
2023-09-04 00:32:30,324 - __main__ - INFO - Weather in Poland: 10.55
2023-09-05 00:31:23,103 - __main__ - INFO - Token value: secret!
2023-09-05 00:31:23,980 - __main__ - INFO - Weather in Poland: 11.55
2023-09-06 00:31:47,559 - __main__ - INFO - Token value: secret!
2023-09-06 00:31:48,118 - __main__ - INFO - Weather in Poland: 9.55
2023-09-07 00:31:31,083 - __main__ - INFO - Token value: secret!
2023-09-07 00:31:31,683 - __main__ - INFO - Weather in Poland: 11.3
2023-09-08 00:31:22,872 - __main__ - INFO - Token value: secret!
2023-09-08 00:31:23,341 - __main__ - INFO - Weather in Poland: 13.55
2023-09-09 00:30:43,071 - __main__ - INFO - Token value: secret!
2023-09-09 00:30:44,075 - __main__ - INFO - Weather in Poland: 12.73
2023-09-10 00:34:14,168 - __main__ - INFO - Token value: secret!
2023-09-10 00:34:14,859 - __main__ - INFO - Weather in Poland: 12.73
2023-09-11 00:32:15,461 - __main__ - INFO - Token value: secret!
2023-09-11 00:32:15,686 - __main__ - INFO - Weather in Poland: 13.55
2023-09-12 00:30:41,888 - __main__ - INFO - Token value: secret!
2023-09-12 00:30:42,302 - __main__ - INFO - Weather in Poland: 15.95
2023-09-13 00:32:25,643 - __main__ - INFO - Token value: secret!
2023-09-13 00:32:25,916 - __main__ - INFO - Weather in Poland: 16.71
2023-09-14 00:32:02,338 - __main__ - INFO - Token value: secret!
2023-09-14 00:32:02,945 - __main__ - INFO - Weather in Poland: 18.09
2023-09-15 00:32:23,065 - __main__ - INFO - Token value: secret!
2023-09-15 00:32:23,650 - __main__ - INFO - Weather in Poland: 15.23
2023-09-16 00:31:10,730 - __main__ - INFO - Token value: secret!
2023-09-16 00:31:10,971 - __main__ - INFO - Weather in Poland: 8.8
2023-09-17 00:34:26,037 - __main__ - INFO - Token value: secret!
2023-09-17 00:34:26,300 - __main__ - INFO - Weather in Poland: 11.71
2023-09-18 00:32:35,681 - __main__ - INFO - Token value: secret!
2023-09-18 00:32:36,097 - __main__ - INFO - Weather in Poland: 15.95
2023-09-19 00:32:42,954 - __main__ - INFO - Token value: secret!
2023-09-19 00:32:43,638 - __main__ - INFO - Weather in Poland: 17.02
2023-09-20 00:32:17,101 - __main__ - INFO - Token value: secret!
2023-09-20 00:32:17,805 - __main__ - INFO - Weather in Poland: 15.59
2023-09-21 00:32:12,108 - __main__ - INFO - Token value: secret!
2023-09-21 00:32:12,757 - __main__ - INFO - Weather in Poland: 12.73
2023-09-22 00:32:32,506 - __main__ - INFO - Token value: secret!
2023-09-22 00:32:33,048 - __main__ - INFO - Weather in Poland: 13.38
2023-09-23 00:30:57,127 - __main__ - INFO - Token value: secret!
2023-09-23 00:30:58,011 - __main__ - INFO - Weather in Poland: 19.52
2023-09-24 00:34:29,690 - __main__ - INFO - Token value: secret!
2023-09-24 00:34:29,968 - __main__ - INFO - Weather in Poland: 14.16
2023-09-25 00:33:04,660 - __main__ - INFO - Token value: secret!
2023-09-25 00:33:05,565 - __main__ - INFO - Weather in Poland: 14.51
2023-09-26 00:32:56,134 - __main__ - INFO - Token value: secret!
2023-09-26 00:32:57,017 - __main__ - INFO - Weather in Poland: 15.95
2023-09-27 00:33:05,766 - __main__ - INFO - Token value: secret!
2023-09-27 00:33:06,168 - __main__ - INFO - Weather in Poland: 13.55
2023-09-28 00:32:24,792 - __main__ - INFO - Token value: secret!
2023-09-28 00:32:25,032 - __main__ - INFO - Weather in Poland: 10.94
2023-09-29 00:32:50,220 - __main__ - INFO - Token value: secret!
2023-09-29 00:32:50,871 - __main__ - INFO - Weather in Poland: 11.3
2023-09-30 00:31:35,583 - __main__ - INFO - Token value: secret!
2023-09-30 00:31:36,147 - __main__ - INFO - Weather in Poland: 13.09
2023-10-01 00:37:39,310 - __main__ - INFO - Token value: secret!
2023-10-01 00:37:40,085 - __main__ - INFO - Weather in Poland: 9.55
2023-10-02 00:33:33,120 - __main__ - INFO - Token value: secret!
2023-10-02 00:33:33,683 - __main__ - INFO - Weather in Poland: 9.17
2023-10-03 00:32:55,837 - __main__ - INFO - Token value: secret!
2023-10-03 00:32:56,367 - __main__ - INFO - Weather in Poland: 15.05
2023-10-04 00:33:11,645 - __main__ - INFO - Token value: secret!
2023-10-04 00:33:11,880 - __main__ - INFO - Weather in Poland: 18.38
2023-10-05 00:32:53,392 - __main__ - INFO - Token value: secret!
2023-10-05 00:32:54,067 - __main__ - INFO - Weather in Poland: 8.45
2023-10-06 00:32:39,736 - __main__ - INFO - Token value: secret!
2023-10-06 00:32:40,319 - __main__ - INFO - Weather in Poland: 13.09
2023-10-07 00:31:57,894 - __main__ - INFO - Token value: secret!
2023-10-07 00:31:58,135 - __main__ - INFO - Weather in Poland: 12.02
2023-10-08 00:35:46,816 - __main__ - INFO - Token value: secret!
2023-10-08 00:35:47,490 - __main__ - INFO - Weather in Poland: 10.95
2023-10-09 00:33:18,039 - __main__ - INFO - Token value: secret!
2023-10-09 00:33:18,449 - __main__ - INFO - Weather in Poland: 1.55
2023-10-10 00:32:36,961 - __main__ - INFO - Token value: secret!
2023-10-10 00:32:37,242 - __main__ - INFO - Weather in Poland: 3.1
2023-10-11 00:32:38,260 - __main__ - INFO - Token value: secret!
2023-10-11 00:32:38,815 - __main__ - INFO - Weather in Poland: 10.59
2023-10-12 00:30:51,069 - __main__ - INFO - Token value: secret!
2023-10-12 00:30:51,268 - __main__ - INFO - Weather in Poland: 14.52
2023-10-13 00:33:45,618 - __main__ - INFO - Token value: secret!
2023-10-13 00:33:45,926 - __main__ - INFO - Weather in Poland: 14.52
2023-10-14 00:31:37,384 - __main__ - INFO - Token value: secret!
2023-10-14 00:31:37,635 - __main__ - INFO - Weather in Poland: 17.37
2023-10-15 00:35:36,743 - __main__ - INFO - Token value: secret!
2023-10-15 00:35:37,067 - __main__ - INFO - Weather in Poland: 12.02
2023-10-16 00:33:53,539 - __main__ - INFO - Token value: secret!
2023-10-16 00:33:54,184 - __main__ - INFO - Weather in Poland: 5.95
2023-10-17 00:33:16,892 - __main__ - INFO - Token value: secret!
2023-10-17 00:33:17,094 - __main__ - INFO - Weather in Poland: 4.52
2023-10-18 00:32:57,729 - __main__ - INFO - Token value: secret!
2023-10-18 00:32:58,150 - __main__ - INFO - Weather in Poland: 0.24
2023-10-19 00:32:44,400 - __main__ - INFO - Token value: secret!
2023-10-19 00:32:44,914 - __main__ - INFO - Weather in Poland: 1.31
2023-10-20 00:32:54,685 - __main__ - INFO - Token value: secret!
2023-10-20 00:32:55,254 - __main__ - INFO - Weather in Poland: 12.02
2023-10-21 00:31:29,581 - __main__ - INFO - Token value: secret!
2023-10-21 00:31:30,205 - __main__ - INFO - Weather in Poland: 20.23
2023-10-22 00:35:39,426 - __main__ - INFO - Token value: secret!
2023-10-22 00:35:39,967 - __main__ - INFO - Weather in Poland: 15.95
2023-10-23 00:33:15,594 - __main__ - INFO - Token value: secret!
2023-10-23 00:33:16,241 - __main__ - INFO - Weather in Poland: 12.73
2023-10-24 00:32:46,268 - __main__ - INFO - Token value: secret!
2023-10-24 00:32:46,833 - __main__ - INFO - Weather in Poland: 5.59
2023-10-25 00:32:35,533 - __main__ - INFO - Token value: secret!
2023-10-25 00:32:36,261 - __main__ - INFO - Weather in Poland: 13.25
2023-10-26 00:31:47,150 - __main__ - INFO - Token value: secret!
2023-10-26 00:31:47,831 - __main__ - INFO - Weather in Poland: 7.09
2023-10-27 00:32:00,279 - __main__ - INFO - Token value: secret!
2023-10-27 00:32:00,506 - __main__ - INFO - Weather in Poland: 11.05
2023-10-28 00:31:18,054 - __main__ - INFO - Token value: secret!
2023-10-28 00:31:18,625 - __main__ - INFO - Weather in Poland: 8.87
2023-10-29 00:35:17,025 - __main__ - INFO - Token value: secret!
2023-10-29 00:35:17,743 - __main__ - INFO - Weather in Poland: 9.91
2023-10-30 00:33:24,169 - __main__ - INFO - Token value: secret!
2023-10-30 00:33:24,814 - __main__ - INFO - Weather in Poland: 14.18
2023-10-31 00:33:14,666 - __main__ - INFO - Token value: secret!
2023-10-31 00:33:14,916 - __main__ - INFO - Weather in Poland: 17.02
2023-11-01 00:35:25,033 - __main__ - INFO - Token value: secret!
2023-11-01 00:35:25,783 - __main__ - INFO - Weather in Poland: 9.5
2023-11-02 00:32:49,853 - __main__ - INFO - Token value: secret!
2023-11-02 00:32:50,110 - __main__ - INFO - Weather in Poland: 7.38
2023-11-03 00:33:18,843 - __main__ - INFO - Token value: secret!
2023-11-03 00:33:19,101 - __main__ - INFO - Weather in Poland: 8.44
2023-11-04 00:32:36,864 - __main__ - INFO - Token value: secret!
2023-11-04 00:32:37,536 - __main__ - INFO - Weather in Poland: 12.02
2023-11-05 00:35:54,308 - __main__ - INFO - Token value: secret!
2023-11-05 00:35:55,081 - __main__ - INFO - Weather in Poland: 6.54
2023-11-06 00:34:11,846 - __main__ - INFO - Token value: secret!
2023-11-06 00:34:12,212 - __main__ - INFO - Weather in Poland: 9.81
2023-11-07 00:33:40,873 - __main__ - INFO - Token value: secret!
2023-11-07 00:33:41,553 - __main__ - INFO - Weather in Poland: 5.6
2023-11-08 00:33:22,322 - __main__ - INFO - Token value: secret!
2023-11-08 00:33:22,973 - __main__ - INFO - Weather in Poland: 5.95
2023-11-09 00:33:22,055 - __main__ - INFO - Token value: secret!
2023-11-09 00:33:22,421 - __main__ - INFO - Weather in Poland: 5.6
2023-11-10 00:33:24,220 - __main__ - INFO - Token value: secret!
2023-11-10 00:33:24,740 - __main__ - INFO - Weather in Poland: 7.78
2023-11-11 00:32:39,361 - __main__ - INFO - Token value: secret!
2023-11-11 00:32:39,589 - __main__ - INFO - Weather in Poland: 6.06
2023-11-12 00:36:17,656 - __main__ - INFO - Token value: secret!
2023-11-12 00:36:18,534 - __main__ - INFO - Weather in Poland: 6.69
2023-11-13 00:34:38,347 - __main__ - INFO - Token value: secret!
2023-11-13 00:34:38,909 - __main__ - INFO - Weather in Poland: 3.72
2023-11-14 00:33:47,266 - __main__ - INFO - Token value: secret!
2023-11-14 00:33:47,915 - __main__ - INFO - Weather in Poland: 6.06
2023-11-15 00:34:20,344 - __main__ - INFO - Token value: secret!
2023-11-15 00:34:21,480 - __main__ - INFO - Weather in Poland: 9.18
2023-11-16 00:35:00,875 - __main__ - INFO - Token value: secret!
2023-11-16 00:35:01,512 - __main__ - INFO - Weather in Poland: 3.87
2023-11-17 00:34:50,176 - __main__ - INFO - Token value: secret!
2023-11-17 00:34:50,783 - __main__ - INFO - Weather in Poland: 6.37
2023-11-18 00:34:04,371 - __main__ - INFO - Token value: secret!
2023-11-18 00:34:05,241 - __main__ - INFO - Weather in Poland: 1.53
2023-11-19 00:37:29,818 - __main__ - INFO - Token value: secret!
2023-11-19 00:37:30,534 - __main__ - INFO - Weather in Poland: 0.75
2023-11-20 00:35:28,977 - __main__ - INFO - Token value: secret!
2023-11-20 00:35:29,694 - __main__ - INFO - Weather in Poland: 3.57
2023-11-21 00:35:29,787 - __main__ - INFO - Token value: secret!
2023-11-21 00:35:30,358 - __main__ - INFO - Weather in Poland: 4.97
2023-11-22 00:36:25,329 - __main__ - INFO - Token value: secret!
2023-11-22 00:36:25,609 - __main__ - INFO - Weather in Poland: 0.13
2023-11-23 00:34:37,625 - __main__ - INFO - Token value: secret!
2023-11-23 00:34:37,853 - __main__ - INFO - Weather in Poland: -3.63
2023-11-24 00:33:46,108 - __main__ - INFO - Token value: secret!
2023-11-24 00:33:46,713 - __main__ - INFO - Weather in Poland: 4.5
2023-11-25 00:33:10,350 - __main__ - INFO - Token value: secret!
2023-11-25 00:33:10,550 - __main__ - INFO - Weather in Poland: -0.08
2023-11-26 00:37:16,185 - __main__ - INFO - Token value: secret!
2023-11-26 00:37:17,524 - __main__ - INFO - Weather in Poland: -0.96
2023-11-27 00:35:26,197 - __main__ - INFO - Token value: secret!
2023-11-27 00:35:26,539 - __main__ - INFO - Weather in Poland: -3.34
2023-11-28 00:35:18,503 - __main__ - INFO - Token value: secret!
2023-11-28 00:35:18,791 - __main__ - INFO - Weather in Poland: -3.15
2023-11-29 00:35:07,573 - __main__ - INFO - Token value: secret!
2023-11-29 00:35:08,016 - __main__ - INFO - Weather in Poland: -3.56
2023-11-30 00:35:06,690 - __main__ - INFO - Token value: secret!
2023-11-30 00:35:06,999 - __main__ - INFO - Weather in Poland: -5.52
2023-12-01 00:38:26,671 - __main__ - INFO - Token value: secret!
2023-12-01 00:38:27,012 - __main__ - INFO - Weather in Poland: -1.39
2023-12-02 00:33:57,251 - __main__ - INFO - Token value: secret!
2023-12-02 00:33:57,511 - __main__ - INFO - Weather in Poland: -1.39
2023-12-03 00:37:21,248 - __main__ - INFO - Token value: secret!
2023-12-03 00:37:21,644 - __main__ - INFO - Weather in Poland: -2.68
2023-12-04 00:35:44,787 - __main__ - INFO - Token value: secret!
2023-12-04 00:35:45,408 - __main__ - INFO - Weather in Poland: -5.45
2023-12-05 00:35:43,641 - __main__ - INFO - Token value: secret!
2023-12-05 00:35:43,858 - __main__ - INFO - Weather in Poland: -5.03
2023-12-06 00:35:37,216 - __main__ - INFO - Token value: secret!
2023-12-06 00:35:37,675 - __main__ - INFO - Weather in Poland: -10.24
2023-12-07 00:34:48,243 - __main__ - INFO - Token value: secret!
2023-12-07 00:34:48,412 - __main__ - INFO - Weather in Poland: -0.34
2023-12-08 00:35:30,747 - __main__ - INFO - Token value: secret!
2023-12-08 00:35:31,170 - __main__ - INFO - Weather in Poland: -3.56
2023-12-09 00:34:37,333 - __main__ - INFO - Token value: secret!
2023-12-09 00:34:38,258 - __main__ - INFO - Weather in Poland: -6.37
2023-12-10 00:38:00,730 - __main__ - INFO - Token value: secret!
2023-12-10 00:38:02,005 - __main__ - INFO - Weather in Poland: -0.08
2023-12-11 00:36:14,814 - __main__ - INFO - Token value: secret!
2023-12-11 00:36:15,495 - __main__ - INFO - Weather in Poland: 1.53
2023-12-12 00:35:48,307 - __main__ - INFO - Token value: secret!
2023-12-12 00:35:48,823 - __main__ - INFO - Weather in Poland: 2.31
2023-12-13 00:35:08,453 - __main__ - INFO - Token value: secret!
2023-12-13 00:35:09,467 - __main__ - INFO - Weather in Poland: 1.44
2023-12-14 00:34:56,141 - __main__ - INFO - Token value: secret!
2023-12-14 00:34:57,307 - __main__ - INFO - Weather in Poland: 1.69
2023-12-15 00:35:49,578 - __main__ - INFO - Token value: secret!
2023-12-15 00:35:50,063 - __main__ - INFO - Weather in Poland: 1.44
2023-12-16 00:34:33,369 - __main__ - INFO - Token value: secret!
2023-12-16 00:34:33,707 - __main__ - INFO - Weather in Poland: 0.78
2023-12-17 00:38:10,867 - __main__ - INFO - Token value: secret!
2023-12-17 00:38:11,635 - __main__ - INFO - Weather in Poland: 4.55
2023-12-18 00:36:16,617 - __main__ - INFO - Token value: secret!
2023-12-18 00:36:17,546 - __main__ - INFO - Weather in Poland: 2.16
2023-12-19 00:35:24,952 - __main__ - INFO - Token value: secret!
2023-12-19 00:35:26,349 - __main__ - INFO - Weather in Poland: 2.09
2023-12-20 00:28:36,875 - __main__ - INFO - Token value: secret!
2023-12-20 00:28:38,100 - __main__ - INFO - Weather in Poland: 3.09
2023-12-21 00:34:46,653 - __main__ - INFO - Token value: secret!
2023-12-21 00:34:47,736 - __main__ - INFO - Weather in Poland: 3.61
2023-12-22 00:34:37,181 - __main__ - INFO - Token value: secret!
2023-12-22 00:34:37,769 - __main__ - INFO - Weather in Poland: 3.55
2023-12-23 00:33:02,848 - __main__ - INFO - Token value: secret!
2023-12-23 00:33:03,539 - __main__ - INFO - Weather in Poland: -0.08
2023-12-24 00:37:15,043 - __main__ - INFO - Token value: secret!
2023-12-24 00:37:15,532 - __main__ - INFO - Weather in Poland: 0.09
2023-12-25 00:35:38,427 - __main__ - INFO - Token value: secret!
2023-12-25 00:35:38,965 - __main__ - INFO - Weather in Poland: 3.63
2023-12-26 00:33:47,464 - __main__ - INFO - Token value: secret!
2023-12-26 00:33:47,889 - __main__ - INFO - Weather in Poland: 8.72
2023-12-27 00:33:25,174 - __main__ - INFO - Token value: secret!
2023-12-27 00:33:26,079 - __main__ - INFO - Weather in Poland: 6.6
2023-12-28 00:33:21,309 - __main__ - INFO - Token value: secret!
2023-12-28 00:33:22,425 - __main__ - INFO - Weather in Poland: 3.71
2023-12-29 00:28:17,151 - __main__ - INFO - Token value: secret!
2023-12-29 00:28:18,058 - __main__ - INFO - Weather in Poland: 6.05
2023-12-30 00:33:24,397 - __main__ - INFO - Token value: secret!
2023-12-30 00:33:24,847 - __main__ - INFO - Weather in Poland: 4.18
2023-12-31 00:37:44,373 - __main__ - INFO - Token value: secret!
2023-12-31 00:37:44,759 - __main__ - INFO - Weather in Poland: 2.62
2024-01-01 00:38:50,715 - __main__ - INFO - Token value: secret!
2024-01-01 00:38:51,427 - __main__ - INFO - Weather in Poland: 6.53
2024-01-02 00:34:11,226 - __main__ - INFO - Token value: secret!
2024-01-02 00:34:12,374 - __main__ - INFO - Weather in Poland: 4.81
2024-01-03 00:34:44,681 - __main__ - INFO - Token value: secret!
2024-01-03 00:34:45,672 - __main__ - INFO - Weather in Poland: 4.88
2024-01-04 00:35:19,702 - __main__ - INFO - Token value: secret!
2024-01-04 00:35:20,158 - __main__ - INFO - Weather in Poland: 7.02
2024-01-05 00:35:27,500 - __main__ - INFO - Token value: secret!
2024-01-05 00:35:28,455 - __main__ - INFO - Weather in Poland: 2.77
2024-01-06 00:34:43,080 - __main__ - INFO - Token value: secret!
2024-01-06 00:34:43,689 - __main__ - INFO - Weather in Poland: 2.44
2024-01-07 00:38:45,763 - __main__ - INFO - Token value: secret!
2024-01-07 00:38:46,530 - __main__ - INFO - Weather in Poland: -0.82
2024-01-08 00:36:30,026 - __main__ - INFO - Token value: secret!
2024-01-08 00:36:30,485 - __main__ - INFO - Weather in Poland: -9.64
2024-01-09 00:35:52,063 - __main__ - INFO - Token value: secret!
2024-01-09 00:35:52,699 - __main__ - INFO - Weather in Poland: -17.45
2024-01-10 00:35:58,187 - __main__ - INFO - Token value: secret!
2024-01-10 00:35:59,064 - __main__ - INFO - Weather in Poland: -11.62
2024-01-11 00:35:55,518 - __main__ - INFO - Token value: secret!
2024-01-11 00:35:56,590 - __main__ - INFO - Weather in Poland: -8.33
2024-01-12 00:35:55,883 - __main__ - INFO - Token value: secret!
2024-01-12 00:35:56,708 - __main__ - INFO - Weather in Poland: -2.38
2024-01-13 00:35:19,347 - __main__ - INFO - Token value: secret!
2024-01-13 00:35:20,517 - __main__ - INFO - Weather in Poland: -1.75
2024-01-14 00:39:05,774 - __main__ - INFO - Token value: secret!
2024-01-14 00:39:07,145 - __main__ - INFO - Weather in Poland: -2.48
2024-01-15 00:37:25,767 - __main__ - INFO - Token value: secret!
2024-01-15 00:37:26,662 - __main__ - INFO - Weather in Poland: -1.17
2024-01-16 00:35:47,970 - __main__ - INFO - Token value: secret!
2024-01-16 00:35:48,807 - __main__ - INFO - Weather in Poland: -0.74
2024-01-17 00:35:57,994 - __main__ - INFO - Token value: secret!
2024-01-17 00:35:58,616 - __main__ - INFO - Weather in Poland: -7.9
2024-01-18 00:35:37,163 - __main__ - INFO - Token value: secret!
2024-01-18 00:35:38,212 - __main__ - INFO - Weather in Poland: 3.87
2024-01-19 00:36:03,311 - __main__ - INFO - Token value: secret!
2024-01-19 00:36:03,752 - __main__ - INFO - Weather in Poland: -0.12
2024-01-20 00:35:20,634 - __main__ - INFO - Token value: secret!
2024-01-20 00:35:21,297 - __main__ - INFO - Weather in Poland: -2.47
2024-01-21 00:39:12,183 - __main__ - INFO - Token value: secret!
2024-01-21 00:39:12,931 - __main__ - INFO - Weather in Poland: -0.96
2024-01-22 00:37:42,484 - __main__ - INFO - Token value: secret!
2024-01-22 00:37:43,522 - __main__ - INFO - Weather in Poland: -1.39
2024-01-23 00:36:29,399 - __main__ - INFO - Token value: secret!
2024-01-23 00:36:30,147 - __main__ - INFO - Weather in Poland: -0.08
2024-01-24 00:36:24,499 - __main__ - INFO - Token value: secret!
2024-01-24 00:36:25,084 - __main__ - INFO - Weather in Poland: 1.01
2024-01-25 00:36:15,247 - __main__ - INFO - Token value: secret!
2024-01-25 00:36:16,271 - __main__ - INFO - Weather in Poland: 5.55
2024-01-26 00:33:54,209 - __main__ - INFO - Token value: secret!
2024-01-26 00:33:54,599 - __main__ - INFO - Weather in Poland: 2.73
2024-01-27 00:33:27,471 - __main__ - INFO - Token value: secret!
2024-01-27 00:33:27,768 - __main__ - INFO - Weather in Poland: 2.77
2024-01-28 00:35:50,881 - __main__ - INFO - Token value: secret!
2024-01-28 00:35:51,128 - __main__ - INFO - Weather in Poland: 1.01
2024-01-29 00:33:35,733 - __main__ - INFO - Token value: secret!
2024-01-29 00:33:36,211 - __main__ - INFO - Weather in Poland: -0.26
2024-01-30 00:33:36,199 - __main__ - INFO - Token value: secret!
2024-01-30 00:33:37,412 - __main__ - INFO - Weather in Poland: 0.95
2024-01-31 00:33:37,680 - __main__ - INFO - Token value: secret!
2024-01-31 00:33:38,187 - __main__ - INFO - Weather in Poland: 0.55
2024-02-01 00:35:09,415 - __main__ - INFO - Token value: secret!
2024-02-01 00:35:10,065 - __main__ - INFO - Weather in Poland: 2.55
2024-02-02 00:33:48,172 - __main__ - INFO - Token value: secret!
2024-02-02 00:33:49,142 - __main__ - INFO - Weather in Poland: 2.55
2024-02-03 00:33:34,108 - __main__ - INFO - Token value: secret!
2024-02-03 00:33:35,095 - __main__ - INFO - Weather in Poland: 3.09
2024-02-04 00:36:26,244 - __main__ - INFO - Token value: secret!
2024-02-04 00:36:27,242 - __main__ - INFO - Weather in Poland: 7.3
2024-02-05 00:34:39,724 - __main__ - INFO - Token value: secret!
2024-02-05 00:34:40,188 - __main__ - INFO - Weather in Poland: 5.28
2024-02-06 00:33:16,622 - __main__ - INFO - Token value: secret!
2024-02-06 00:33:18,188 - __main__ - INFO - Weather in Poland: 9.8
2024-02-07 00:31:40,369 - __main__ - INFO - Token value: secret!
2024-02-07 00:31:41,007 - __main__ - INFO - Weather in Poland: 8.09
2024-02-08 00:33:04,332 - __main__ - INFO - Token value: secret!
2024-02-08 00:33:04,816 - __main__ - INFO - Weather in Poland: 0.6
2024-02-09 00:32:30,375 - __main__ - INFO - Token value: secret!
2024-02-09 00:32:30,894 - __main__ - INFO - Weather in Poland: 1.37
2024-02-10 00:32:05,288 - __main__ - INFO - Token value: secret!
2024-02-10 00:32:05,972 - __main__ - INFO - Weather in Poland: 6.36
2024-02-11 00:36:28,886 - __main__ - INFO - Token value: secret!
2024-02-11 00:36:29,945 - __main__ - INFO - Weather in Poland: 11.05
2024-02-12 00:34:03,996 - __main__ - INFO - Token value: secret!
2024-02-12 00:34:04,895 - __main__ - INFO - Weather in Poland: 9.5
2024-02-13 00:33:59,817 - __main__ - INFO - Token value: secret!
2024-02-13 00:34:00,160 - __main__ - INFO - Weather in Poland: 6.69
2024-02-14 00:33:18,099 - __main__ - INFO - Token value: secret!
2024-02-14 00:33:18,688 - __main__ - INFO - Weather in Poland: 3.25
2024-02-15 00:33:13,942 - __main__ - INFO - Token value: secret!
2024-02-15 00:33:14,813 - __main__ - INFO - Weather in Poland: -0.84
2024-02-16 00:32:38,772 - __main__ - INFO - Token value: secret!
2024-02-16 00:32:39,758 - __main__ - INFO - Weather in Poland: -0.45
2024-02-17 00:32:51,977 - __main__ - INFO - Token value: secret!
2024-02-17 00:32:53,224 - __main__ - INFO - Weather in Poland: 2.79
2024-02-18 00:35:57,939 - __main__ - INFO - Token value: secret!
2024-02-18 00:35:58,937 - __main__ - INFO - Weather in Poland: 4.8
2024-02-19 00:34:27,870 - __main__ - INFO - Token value: secret!
2024-02-19 00:34:28,756 - __main__ - INFO - Weather in Poland: -2.38
2024-02-20 00:32:42,322 - __main__ - INFO - Token value: secret!
2024-02-20 00:32:43,110 - __main__ - INFO - Weather in Poland: 4.97
2024-02-21 00:33:13,001 - __main__ - INFO - Token value: secret!
2024-02-21 00:33:14,035 - __main__ - INFO - Weather in Poland: 4.7
2024-02-22 00:33:09,911 - __main__ - INFO - Token value: secret!
2024-02-22 00:33:10,911 - __main__ - INFO - Weather in Poland: 5.43
2024-02-23 00:32:49,527 - __main__ - INFO - Token value: secret!
2024-02-23 00:32:50,223 - __main__ - INFO - Weather in Poland: 9.16
2024-02-24 00:31:15,597 - __main__ - INFO - Token value: secret!
2024-02-24 00:31:16,301 - __main__ - INFO - Weather in Poland: 8.57
2024-02-25 00:36:22,804 - __main__ - INFO - Token value: secret!
2024-02-25 00:36:23,593 - __main__ - INFO - Weather in Poland: 8.55
2024-02-26 00:34:42,192 - __main__ - INFO - Token value: secret!
2024-02-26 00:34:42,917 - __main__ - INFO - Weather in Poland: 8.09
2024-02-27 00:32:44,906 - __main__ - INFO - Token value: secret!
2024-02-27 00:32:45,390 - __main__ - INFO - Weather in Poland: 6.3
2024-02-28 00:32:06,043 - __main__ - INFO - Token value: secret!
2024-02-28 00:32:06,886 - __main__ - INFO - Weather in Poland: 7.55
2024-02-29 00:33:09,597 - __main__ - INFO - Token value: secret!
2024-02-29 00:33:10,411 - __main__ - INFO - Weather in Poland: 7.0
2024-03-01 00:37:11,215 - __main__ - INFO - Token value: secret!
2024-03-02 00:32:27,076 - __main__ - INFO - Token value: secret!
2024-03-02 00:32:27,870 - __main__ - INFO - Weather in Poland: 6.53
2024-03-03 00:35:27,081 - __main__ - INFO - Token value: secret!
2024-03-03 00:35:27,813 - __main__ - INFO - Weather in Poland: 5.95
2024-03-04 00:34:19,850 - __main__ - INFO - Token value: secret!
2024-03-04 00:34:20,606 - __main__ - INFO - Weather in Poland: 4.52
2024-03-05 00:32:50,479 - __main__ - INFO - Token value: secret!
2024-03-05 00:32:50,968 - __main__ - INFO - Weather in Poland: 7.0
2024-03-06 00:33:43,517 - __main__ - INFO - Token value: secret!
2024-03-06 00:33:43,888 - __main__ - INFO - Weather in Poland: 5.43
2024-03-07 00:27:22,238 - __main__ - INFO - Token value: secret!
2024-03-07 00:27:23,004 - __main__ - INFO - Weather in Poland: 2.0
2024-03-08 00:33:24,675 - __main__ - INFO - Token value: secret!
2024-03-08 00:33:25,608 - __main__ - INFO - Weather in Poland: -0.36
2024-03-09 00:32:05,189 - __main__ - INFO - Token value: secret!
2024-03-09 00:32:06,484 - __main__ - INFO - Weather in Poland: -2.27
2024-03-10 00:36:15,352 - __main__ - INFO - Token value: secret!
2024-03-10 00:36:16,077 - __main__ - INFO - Weather in Poland: 1.05
2024-03-11 00:34:48,909 - __main__ - INFO - Token value: secret!
2024-03-11 00:34:49,287 - __main__ - INFO - Weather in Poland: 5.43
2024-03-12 00:32:54,707 - __main__ - INFO - Token value: secret!
2024-03-12 00:32:55,569 - __main__ - INFO - Weather in Poland: 5.75
2024-03-13 00:33:27,966 - __main__ - INFO - Token value: secret!
2024-03-13 00:33:28,829 - __main__ - INFO - Weather in Poland: 5.75
2024-03-14 00:32:42,945 - __main__ - INFO - Token value: secret!
2024-03-14 00:32:43,480 - __main__ - INFO - Weather in Poland: 3.09
2024-03-15 00:33:25,778 - __main__ - INFO - Token value: secret!
2024-03-15 00:33:26,402 - __main__ - INFO - Weather in Poland: 1.52
2024-03-16 00:31:52,570 - __main__ - INFO - Token value: secret!
2024-03-16 00:31:53,133 - __main__ - INFO - Weather in Poland: 1.55
2024-03-17 00:36:06,027 - __main__ - INFO - Token value: secret!
2024-03-17 00:36:06,384 - __main__ - INFO - Weather in Poland: 8.39
2024-03-18 00:34:31,154 - __main__ - INFO - Token value: secret!
2024-03-18 00:34:31,746 - __main__ - INFO - Weather in Poland: 2.0
2024-03-19 00:33:28,179 - __main__ - INFO - Token value: secret!
2024-03-19 00:33:29,347 - __main__ - INFO - Weather in Poland: 0.6
2024-03-20 00:33:17,222 - __main__ - INFO - Token value: secret!
2024-03-20 00:33:17,775 - __main__ - INFO - Weather in Poland: 2.23
2024-03-21 00:34:47,390 - __main__ - INFO - Token value: secret!
2024-03-21 00:34:48,069 - __main__ - INFO - Weather in Poland: -0.12
2024-03-22 00:33:11,491 - __main__ - INFO - Token value: secret!
2024-03-22 00:33:11,877 - __main__ - INFO - Weather in Poland: 4.5
2024-03-23 00:32:37,028 - __main__ - INFO - Token value: secret!
2024-03-23 00:32:37,497 - __main__ - INFO - Weather in Poland: 8.55
2024-03-24 00:37:08,526 - __main__ - INFO - Token value: secret!
2024-03-24 00:37:09,268 - __main__ - INFO - Weather in Poland: 4.5
2024-03-25 00:35:05,219 - __main__ - INFO - Token value: secret!
2024-03-25 00:35:05,780 - __main__ - INFO - Weather in Poland: 0.75
2024-03-26 00:33:34,334 - __main__ - INFO - Token value: secret!
2024-03-26 00:33:35,281 - __main__ - INFO - Weather in Poland: 0.91
2024-03-27 00:33:21,360 - __main__ - INFO - Token value: secret!
2024-03-27 00:33:21,867 - __main__ - INFO - Weather in Poland: 5.05
2024-03-28 00:33:29,516 - __main__ - INFO - Token value: secret!
2024-03-28 00:33:30,438 - __main__ - INFO - Weather in Poland: 9.16
2024-03-29 00:33:37,521 - __main__ - INFO - Token value: secret!
2024-03-29 00:33:37,999 - __main__ - INFO - Weather in Poland: 9.48
2024-03-30 00:32:36,271 - __main__ - INFO - Token value: secret!
2024-03-30 00:32:41,412 - __main__ - INFO - Weather in Poland: 12.14
2024-03-31 00:37:41,394 - __main__ - INFO - Token value: secret!
2024-03-31 00:37:41,982 - __main__ - INFO - Weather in Poland: 15.75
2024-04-01 00:37:59,693 - __main__ - INFO - Token value: secret!
2024-04-01 00:38:00,872 - __main__ - INFO - Weather in Poland: 13.38
2024-04-02 00:34:23,425 - __main__ - INFO - Token value: secret!
2024-04-02 00:34:24,310 - __main__ - INFO - Weather in Poland: 15.76
2024-04-03 00:33:28,084 - __main__ - INFO - Token value: secret!
2024-04-03 00:33:28,929 - __main__ - INFO - Weather in Poland: 8.71
2024-04-04 00:35:03,884 - __main__ - INFO - Token value: secret!
2024-04-04 00:35:04,746 - __main__ - INFO - Weather in Poland: 8.87
2024-04-05 00:34:31,632 - __main__ - INFO - Token value: secret!
2024-04-05 00:34:32,505 - __main__ - INFO - Weather in Poland: 9.65
2024-04-06 00:33:15,024 - __main__ - INFO - Token value: secret!
2024-04-06 00:33:15,530 - __main__ - INFO - Weather in Poland: 10.89
2024-04-07 00:37:56,738 - __main__ - INFO - Token value: secret!
2024-04-07 00:37:57,614 - __main__ - INFO - Weather in Poland: 7.73
2024-04-08 00:35:35,453 - __main__ - INFO - Token value: secret!
2024-04-08 00:35:36,191 - __main__ - INFO - Weather in Poland: 14.71
2024-04-09 00:38:16,100 - __main__ - INFO - Token value: secret!
2024-04-09 00:38:16,517 - __main__ - INFO - Weather in Poland: 13.83
2024-04-10 00:33:53,275 - __main__ - INFO - Token value: secret!
2024-04-10 00:33:54,480 - __main__ - INFO - Weather in Poland: 14.01
2024-04-11 00:34:39,342 - __main__ - INFO - Token value: secret!
2024-04-11 00:34:40,459 - __main__ - INFO - Weather in Poland: 10.9
2024-04-12 00:34:38,374 - __main__ - INFO - Token value: secret!
2024-04-12 00:34:39,127 - __main__ - INFO - Weather in Poland: 8.38
2024-04-13 00:29:01,797 - __main__ - INFO - Token value: secret!
2024-04-13 00:29:02,644 - __main__ - INFO - Weather in Poland: 9.52
2024-04-14 00:39:42,434 - __main__ - INFO - Token value: secret!
2024-04-14 00:39:43,366 - __main__ - INFO - Weather in Poland: 11.3
2024-04-15 03:03:55,260 - __main__ - INFO - Token value: secret!
2024-04-15 03:03:55,753 - __main__ - INFO - Weather in Poland: 11.06
2024-04-16 00:33:58,950 - __main__ - INFO - Token value: secret!
2024-04-16 00:33:59,750 - __main__ - INFO - Weather in Poland: 9.81
2024-04-17 00:34:28,050 - __main__ - INFO - Token value: secret!
2024-04-17 00:34:29,040 - __main__ - INFO - Weather in Poland: 3.81
2024-04-18 00:34:01,579 - __main__ - INFO - Token value: secret!
2024-04-18 00:34:02,867 - __main__ - INFO - Weather in Poland: 4.18
2024-04-19 00:34:26,178 - __main__ - INFO - Token value: secret!
2024-04-19 00:34:27,040 - __main__ - INFO - Weather in Poland: 1.22
2024-04-20 00:34:28,179 - __main__ - INFO - Token value: secret!
2024-04-20 00:34:28,690 - __main__ - INFO - Weather in Poland: 4.81
2024-04-21 00:37:28,019 - __main__ - INFO - Token value: secret!
2024-04-21 00:37:29,518 - __main__ - INFO - Weather in Poland: 2.63
2024-04-22 00:36:07,461 - __main__ - INFO - Token value: secret!
2024-04-22 00:36:11,124 - __main__ - INFO - Weather in Poland: 4.34
2024-04-23 00:34:45,495 - __main__ - INFO - Token value: secret!
2024-04-23 00:34:46,254 - __main__ - INFO - Weather in Poland: 1.55
2024-04-24 00:34:34,506 - __main__ - INFO - Token value: secret!
2024-04-24 00:34:38,386 - __main__ - INFO - Weather in Poland: 7.0
2024-04-25 00:37:14,358 - __main__ - INFO - Token value: secret!
2024-04-25 00:37:15,208 - __main__ - INFO - Weather in Poland: 5.36
2024-04-26 00:34:44,478 - __main__ - INFO - Token value: secret!
2024-04-26 00:34:45,326 - __main__ - INFO - Weather in Poland: 0.12
2024-04-27 00:34:26,177 - __main__ - INFO - Token value: secret!
2024-04-27 00:34:26,739 - __main__ - INFO - Weather in Poland: 4.52
2024-04-28 00:38:10,570 - __main__ - INFO - Token value: secret!
2024-04-28 00:38:11,194 - __main__ - INFO - Weather in Poland: 6.29
2024-04-29 00:35:29,532 - __main__ - INFO - Token value: secret!
2024-04-29 00:35:30,250 - __main__ - INFO - Weather in Poland: 9.15
2024-04-30 00:33:52,181 - __main__ - INFO - Token value: secret!
2024-04-30 00:33:52,567 - __main__ - INFO - Weather in Poland: 8.71
2024-05-01 00:37:45,213 - __main__ - INFO - Token value: secret!
2024-05-01 00:37:45,933 - __main__ - INFO - Weather in Poland: 9.55
2024-05-02 00:34:29,646 - __main__ - INFO - Token value: secret!
2024-05-02 00:34:30,550 - __main__ - INFO - Weather in Poland: 9.55
2024-05-03 00:37:22,114 - __main__ - INFO - Token value: secret!
2024-05-03 00:37:22,831 - __main__ - INFO - Weather in Poland: 9.55
2024-05-04 00:34:22,953 - __main__ - INFO - Token value: secret!
2024-05-04 00:34:23,434 - __main__ - INFO - Weather in Poland: 10.22
2024-05-05 00:37:39,223 - __main__ - INFO - Token value: secret!
2024-05-05 00:37:39,874 - __main__ - INFO - Weather in Poland: 8.81
2024-05-06 00:35:56,446 - __main__ - INFO - Token value: secret!
2024-05-06 00:35:57,622 - __main__ - INFO - Weather in Poland: 10.3
2024-05-07 00:35:10,502 - __main__ - INFO - Token value: secret!
2024-05-07 00:35:11,041 - __main__ - INFO - Weather in Poland: 12.63
2024-05-08 00:29:17,298 - __main__ - INFO - Token value: secret!
2024-05-08 00:29:17,853 - __main__ - INFO - Weather in Poland: 5.75
2024-05-09 00:35:37,309 - __main__ - INFO - Token value: secret!
2024-05-09 00:35:38,026 - __main__ - INFO - Weather in Poland: 6.3
2024-05-10 00:35:29,046 - __main__ - INFO - Token value: secret!
2024-05-10 00:35:29,944 - __main__ - INFO - Weather in Poland: 5.6
2024-05-11 00:35:00,243 - __main__ - INFO - Token value: secret!
2024-05-11 00:35:00,970 - __main__ - INFO - Weather in Poland: 9.51
2024-05-12 00:38:58,717 - __main__ - INFO - Token value: secret!
2024-05-12 00:38:59,263 - __main__ - INFO - Weather in Poland: 4.35
2024-05-13 00:36:56,773 - __main__ - INFO - Token value: secret!
2024-05-13 00:36:57,562 - __main__ - INFO - Weather in Poland: 2.37
2024-05-14 00:35:43,684 - __main__ - INFO - Token value: secret!
2024-05-14 00:35:44,458 - __main__ - INFO - Weather in Poland: 4.49
2024-05-15 00:35:48,589 - __main__ - INFO - Token value: secret!
2024-05-15 00:35:49,221 - __main__ - INFO - Weather in Poland: 5.28
2024-05-16 00:35:24,312 - __main__ - INFO - Token value: secret!
2024-05-16 00:35:25,524 - __main__ - INFO - Weather in Poland: 6.68
2024-05-17 00:36:06,258 - __main__ - INFO - Token value: secret!
2024-05-17 00:36:07,445 - __main__ - INFO - Weather in Poland: 10.27
2024-05-18 00:35:36,218 - __main__ - INFO - Token value: secret!
2024-05-18 00:35:36,957 - __main__ - INFO - Weather in Poland: 7.62
2024-05-19 00:39:05,880 - __main__ - INFO - Token value: secret!
2024-05-19 00:39:06,737 - __main__ - INFO - Weather in Poland: 8.87
2024-05-20 00:36:49,970 - __main__ - INFO - Token value: secret!
2024-05-20 00:36:50,506 - __main__ - INFO - Weather in Poland: 11.06
2024-05-21 00:36:09,749 - __main__ - INFO - Token value: secret!
2024-05-21 00:36:10,553 - __main__ - INFO - Weather in Poland: 10.59
2024-05-22 00:35:59,958 - __main__ - INFO - Token value: secret!
2024-05-22 00:36:00,494 - __main__ - INFO - Weather in Poland: 13.09
2024-05-23 00:35:52,150 - __main__ - INFO - Token value: secret!
2024-05-23 00:35:53,297 - __main__ - INFO - Weather in Poland: 14.18
2024-05-24 00:36:20,772 - __main__ - INFO - Token value: secret!
2024-05-24 00:36:21,586 - __main__ - INFO - Weather in Poland: 14.49
2024-05-25 00:35:03,768 - __main__ - INFO - Token value: secret!
2024-05-25 00:35:04,592 - __main__ - INFO - Weather in Poland: 12.64
2024-05-26 00:39:26,491 - __main__ - INFO - Token value: secret!
2024-05-26 00:39:26,889 - __main__ - INFO - Weather in Poland: 10.9
2024-05-27 00:37:24,742 - __main__ - INFO - Token value: secret!
2024-05-27 00:37:25,463 - __main__ - INFO - Weather in Poland: 10.22
2024-05-28 00:36:28,412 - __main__ - INFO - Token value: secret!
2024-05-28 00:36:29,178 - __main__ - INFO - Weather in Poland: 10.59
2024-05-29 00:39:32,966 - __main__ - INFO - Token value: secret!
2024-05-29 00:39:33,697 - __main__ - INFO - Weather in Poland: 10.43
2024-05-30 00:36:35,861 - __main__ - INFO - Token value: secret!
2024-05-30 00:36:36,808 - __main__ - INFO - Weather in Poland: 13.18
2024-05-31 00:36:05,561 - __main__ - INFO - Token value: secret!
2024-05-31 00:36:06,069 - __main__ - INFO - Weather in Poland: 11.06
2024-06-01 00:39:28,753 - __main__ - INFO - Token value: secret!
2024-06-01 00:39:29,303 - __main__ - INFO - Weather in Poland: 14.82
2024-06-02 00:39:43,295 - __main__ - INFO - Token value: secret!
2024-06-02 00:39:43,795 - __main__ - INFO - Weather in Poland: 14.26
2024-06-03 00:37:49,772 - __main__ - INFO - Token value: secret!
2024-06-03 00:37:50,414 - __main__ - INFO - Weather in Poland: 13.83
2024-06-04 00:36:49,405 - __main__ - INFO - Token value: secret!
2024-06-04 00:36:49,905 - __main__ - INFO - Weather in Poland: 15.14
2024-06-05 00:36:39,571 - __main__ - INFO - Token value: secret!
2024-06-05 00:36:39,964 - __main__ - INFO - Weather in Poland: 14.26
2024-06-06 00:36:35,458 - __main__ - INFO - Token value: secret!
2024-06-06 00:36:35,821 - __main__ - INFO - Weather in Poland: 15.23
2024-06-07 00:38:00,082 - __main__ - INFO - Token value: secret!
2024-06-07 00:38:00,783 - __main__ - INFO - Weather in Poland: 16.55
2024-06-08 00:37:08,561 - __main__ - INFO - Token value: secret!
2024-06-08 00:37:09,227 - __main__ - INFO - Weather in Poland: 15.55
2024-06-09 00:41:23,488 - __main__ - INFO - Token value: secret!
2024-06-09 00:41:23,850 - __main__ - INFO - Weather in Poland: 15.05
2024-06-10 00:38:47,463 - __main__ - INFO - Token value: secret!
2024-06-10 00:38:47,846 - __main__ - INFO - Weather in Poland: 17.55
2024-06-11 00:37:23,301 - __main__ - INFO - Token value: secret!
2024-06-11 00:37:23,789 - __main__ - INFO - Weather in Poland: 16.55
2024-06-12 00:37:26,108 - __main__ - INFO - Token value: secret!
2024-06-12 00:37:26,497 - __main__ - INFO - Weather in Poland: 11.55
2024-06-13 00:37:09,264 - __main__ - INFO - Token value: secret!
2024-06-13 00:37:09,840 - __main__ - INFO - Weather in Poland: 12.55
2024-06-14 00:37:03,267 - __main__ - INFO - Token value: secret!
2024-06-14 00:37:04,263 - __main__ - INFO - Weather in Poland: 10.55
2024-06-15 00:37:00,233 - __main__ - INFO - Token value: secret!
2024-06-15 00:37:00,700 - __main__ - INFO - Weather in Poland: 10.59
2024-06-16 00:40:52,808 - __main__ - INFO - Token value: secret!
2024-06-16 00:40:53,453 - __main__ - INFO - Weather in Poland: 13.08
2024-06-17 00:39:04,666 - __main__ - INFO - Token value: secret!
2024-06-17 00:39:05,043 - __main__ - INFO - Weather in Poland: 16.55
2024-06-18 00:37:55,712 - __main__ - INFO - Token value: secret!
2024-06-18 00:37:56,580 - __main__ - INFO - Weather in Poland: 14.49
2024-06-19 00:37:47,726 - __main__ - INFO - Token value: secret!
2024-06-19 00:37:48,604 - __main__ - INFO - Weather in Poland: 20.55
2024-06-20 00:36:42,218 - __main__ - INFO - Token value: secret!
2024-06-20 00:36:42,685 - __main__ - INFO - Weather in Poland: 17.73
2024-06-21 00:36:50,593 - __main__ - INFO - Token value: secret!
2024-06-21 00:36:51,391 - __main__ - INFO - Weather in Poland: 13.44
2024-06-22 00:36:42,989 - __main__ - INFO - Token value: secret!
2024-06-22 00:36:43,418 - __main__ - INFO - Weather in Poland: 19.49
